# Logfile created on Sun Feb 22 06:42:58 -0800 2009  [4;36;1mSQL (25.9ms)[0m   [0;1m SELECT name
 FROM sqlite_master
 WHERE type = 'table' AND NOT name = 'sqlite_sequence'
[0m
  [4;35;1mSQL (3.6ms)[0m   [0mSELECT version FROM schema_migrations[0m
Migrating to CreateUsers (20090221204415)
Migrating to CreateSleeps (20090221213819)
Migrating to ModifySleeps (20090221224523)
Migrating to AddPublicToUser (20090222052202)
Migrating to AddMorestuffToUser (20090222085610)
  [4;36;1mSQL (0.4ms)[0m   [0;1mselect sqlite_version(*)[0m
  [4;35;1mSQL (8.8ms)[0m   [0m SELECT name
 FROM sqlite_master
 WHERE type = 'table' AND NOT name = 'sqlite_sequence'
[0m
  [4;36;1mSQL (3.5ms)[0m   [0;1mSELECT version FROM schema_migrations[0m
  [4;35;1mSQL (11.2ms)[0m   [0m SELECT name
 FROM sqlite_master
 WHERE type = 'table' AND NOT name = 'sqlite_sequence'
[0m
  [4;36;1mSQL (0.1ms)[0m   [0;1mPRAGMA index_list("sleeps")[0m
  [4;35;1mSQL (0.1ms)[0m   [0mPRAGMA index_list("tags")[0m
  [4;36;1mSQL (0.1ms)[0m   [0;1mPRAGMA index_list("users")[0m
  [4;36;1mSQL (18.2ms)[0m   [0;1m SELECT name
 FROM sqlite_master
 WHERE type = 'table' AND NOT name = 'sqlite_sequence'
[0m
  [4;35;1mSQL (2.7ms)[0m   [0mSELECT version FROM schema_migrations[0m
Migrating to CreateUsers (20090221204415)
Migrating to CreateSleeps (20090221213819)
Migrating to ModifySleeps (20090221224523)
Migrating to AddPublicToUser (20090222052202)
Migrating to AddMorestuffToUser (20090222085610)
  [4;36;1mSQL (0.4ms)[0m   [0;1mselect sqlite_version(*)[0m
  [4;35;1mSQL (4.3ms)[0m   [0m SELECT name
 FROM sqlite_master
 WHERE type = 'table' AND NOT name = 'sqlite_sequence'
[0m
  [4;36;1mSQL (2.7ms)[0m   [0;1mSELECT version FROM schema_migrations[0m
  [4;35;1mSQL (2.9ms)[0m   [0m SELECT name
 FROM sqlite_master
 WHERE type = 'table' AND NOT name = 'sqlite_sequence'
[0m
  [4;36;1mSQL (0.1ms)[0m   [0;1mPRAGMA index_list("sleeps")[0m
  [4;35;1mSQL (0.1ms)[0m   [0mPRAGMA index_list("tags")[0m
  [4;36;1mSQL (0.2ms)[0m   [0;1mPRAGMA index_list("users")[0m
  [4;36;1mSQL (28.6ms)[0m   [0;1m SELECT name
 FROM sqlite_master
 WHERE type = 'table' AND NOT name = 'sqlite_sequence'
[0m
  [4;35;1mSQL (3.7ms)[0m   [0mSELECT version FROM schema_migrations[0m
Migrating to CreateUsers (20090221204415)
Migrating to CreateSleeps (20090221213819)
Migrating to ModifySleeps (20090221224523)
Migrating to AddPublicToUser (20090222052202)
Migrating to AddMorestuffToUser (20090222085610)
  [4;36;1mSQL (0.4ms)[0m   [0;1mselect sqlite_version(*)[0m
  [4;35;1mSQL (6.0ms)[0m   [0m SELECT name
 FROM sqlite_master
 WHERE type = 'table' AND NOT name = 'sqlite_sequence'
[0m
  [4;36;1mSQL (2.6ms)[0m   [0;1mSELECT version FROM schema_migrations[0m
  [4;35;1mSQL (4.6ms)[0m   [0m SELECT name
 FROM sqlite_master
 WHERE type = 'table' AND NOT name = 'sqlite_sequence'
[0m
  [4;36;1mSQL (0.1ms)[0m   [0;1mPRAGMA index_list("sleeps")[0m
  [4;35;1mSQL (0.1ms)[0m   [0mPRAGMA index_list("tags")[0m
  [4;36;1mSQL (0.1ms)[0m   [0;1mPRAGMA index_list("users")[0m
  [4;36;1mSQL (7.3ms)[0m   [0;1m SELECT name
 FROM sqlite_master
 WHERE type = 'table' AND NOT name = 'sqlite_sequence'
[0m
  [4;35;1mSQL (2.1ms)[0m   [0mSELECT version FROM schema_migrations[0m
  [4;36;1mSQL (3.2ms)[0m   [0;1m SELECT name
 FROM sqlite_master
 WHERE type = 'table' AND NOT name = 'sqlite_sequence'
[0m
  [4;35;1mSQL (2.8ms)[0m   [0mSELECT version FROM schema_migrations[0m
Migrating to AddMorestuffToUser (20090222085610)
  [4;36;1mSQL (0.3ms)[0m   [0;1mselect sqlite_version(*)[0m
  [4;35;1mSQL (0.7ms)[0m   [0mCREATE TEMPORARY TABLE "altered_users" ("id" INTEGER PRIMARY KEY AUTOINCREMENT NOT NULL, "username" varchar(255), "email" varchar(255), "password" varchar(255), "realname" varchar(255), "created_at" datetime, "updated_at" datetime, "public_profile" boolean, "zip" varchar(255), "target_hours" decimal, "twitter" varchar(255)) [0m
  [4;36;1mSQL (0.1ms)[0m   [0;1mPRAGMA index_list("users")[0m
  [4;35;1mSQL (4.0ms)[0m   [0mDROP TABLE "users"[0m
  [4;36;1mSQL (0.3ms)[0m   [0;1mCREATE TABLE "users" ("id" INTEGER PRIMARY KEY AUTOINCREMENT NOT NULL, "username" varchar(255), "email" varchar(255), "password" varchar(255), "realname" varchar(255), "created_at" datetime, "updated_at" datetime, "public_profile" boolean, "zip" varchar(255), "target_hours" decimal) [0m
  [4;35;1mSQL (0.1ms)[0m   [0mPRAGMA index_list("altered_users")[0m
  [4;36;1mSQL (0.2ms)[0m   [0;1mDROP TABLE "altered_users"[0m
  [4;35;1mSQL (0.3ms)[0m   [0mCREATE TEMPORARY TABLE "altered_users" ("id" INTEGER PRIMARY KEY AUTOINCREMENT NOT NULL, "username" varchar(255), "email" varchar(255), "password" varchar(255), "realname" varchar(255), "created_at" datetime, "updated_at" datetime, "public_profile" boolean, "zip" varchar(255), "target_hours" decimal) [0m
  [4;36;1mSQL (0.1ms)[0m   [0;1mPRAGMA index_list("users")[0m
  [4;35;1mSQL (4.2ms)[0m   [0mDROP TABLE "users"[0m
  [4;36;1mSQL (0.3ms)[0m   [0;1mCREATE TABLE "users" ("id" INTEGER PRIMARY KEY AUTOINCREMENT NOT NULL, "username" varchar(255), "email" varchar(255), "password" varchar(255), "realname" varchar(255), "created_at" datetime, "updated_at" datetime, "public_profile" boolean, "zip" varchar(255)) [0m
  [4;35;1mSQL (0.1ms)[0m   [0mPRAGMA index_list("altered_users")[0m
  [4;36;1mSQL (0.2ms)[0m   [0;1mDROP TABLE "altered_users"[0m
  [4;35;1mSQL (20.6ms)[0m   [0mDELETE FROM schema_migrations WHERE version = '20090222085610'[0m
Migrating to AddPublicToUser (20090222052202)
  [4;36;1mSQL (0.3ms)[0m   [0;1mCREATE TEMPORARY TABLE "altered_users" ("id" INTEGER PRIMARY KEY AUTOINCREMENT NOT NULL, "username" varchar(255), "email" varchar(255), "password" varchar(255), "realname" varchar(255), "created_at" datetime, "updated_at" datetime, "public_profile" boolean, "zip" varchar(255)) [0m
  [4;35;1mSQL (0.1ms)[0m   [0mPRAGMA index_list("users")[0m
  [4;36;1mSQL (5.2ms)[0m   [0;1mDROP TABLE "users"[0m
  [4;35;1mSQL (0.3ms)[0m   [0mCREATE TABLE "users" ("id" INTEGER PRIMARY KEY AUTOINCREMENT NOT NULL, "username" varchar(255), "email" varchar(255), "password" varchar(255), "realname" varchar(255), "created_at" datetime, "updated_at" datetime, "zip" varchar(255)) [0m
  [4;36;1mSQL (0.1ms)[0m   [0;1mPRAGMA index_list("altered_users")[0m
  [4;35;1mSQL (0.2ms)[0m   [0mDROP TABLE "altered_users"[0m
  [4;36;1mSQL (0.3ms)[0m   [0;1mCREATE TEMPORARY TABLE "altered_users" ("id" INTEGER PRIMARY KEY AUTOINCREMENT NOT NULL, "username" varchar(255), "email" varchar(255), "password" varchar(255), "realname" varchar(255), "created_at" datetime, "updated_at" datetime, "zip" varchar(255)) [0m
  [4;35;1mSQL (0.1ms)[0m   [0mPRAGMA index_list("users")[0m
  [4;36;1mSQL (4.1ms)[0m   [0;1mDROP TABLE "users"[0m
  [4;35;1mSQL (0.3ms)[0m   [0mCREATE TABLE "users" ("id" INTEGER PRIMARY KEY AUTOINCREMENT NOT NULL, "username" varchar(255), "email" varchar(255), "password" varchar(255), "realname" varchar(255), "created_at" datetime, "updated_at" datetime) [0m
  [4;36;1mSQL (0.2ms)[0m   [0;1mPRAGMA index_list("altered_users")[0m
  [4;35;1mSQL (0.2ms)[0m   [0mDROP TABLE "altered_users"[0m
  [4;36;1mSQL (9.4ms)[0m   [0;1mDELETE FROM schema_migrations WHERE version = '20090222052202'[0m
Migrating to ModifySleeps (20090221224523)
  [4;35;1mSQL (0.4ms)[0m   [0mCREATE TEMPORARY TABLE "altered_sleeps" ("id" INTEGER PRIMARY KEY AUTOINCREMENT NOT NULL, "start" datetime, "stop" datetime, "user_id" integer, "created_at" datetime, "updated_at" datetime, "zip" varchar(255), "quality" integer, "note" varchar(255)) [0m
  [4;36;1mSQL (0.1ms)[0m   [0;1mPRAGMA index_list("sleeps")[0m
  [4;35;1mSQL (3.3ms)[0m   [0mDROP TABLE "sleeps"[0m
  [4;36;1mSQL (0.4ms)[0m   [0;1mCREATE TABLE "sleeps" ("id" INTEGER PRIMARY KEY AUTOINCREMENT NOT NULL, "start" datetime, "stop" datetime, "user_id" integer, "created_at" datetime, "updated_at" datetime, "zip" varchar(255), "note" varchar(255)) [0m
  [4;35;1mSQL (0.1ms)[0m   [0mPRAGMA index_list("altered_sleeps")[0m
  [4;36;1mSQL (0.2ms)[0m   [0;1mDROP TABLE "altered_sleeps"[0m
  [4;35;1mSQL (0.4ms)[0m   [0mCREATE TEMPORARY TABLE "altered_sleeps" ("id" INTEGER PRIMARY KEY AUTOINCREMENT NOT NULL, "start" datetime, "stop" datetime, "user_id" integer, "created_at" datetime, "updated_at" datetime, "zip" varchar(255), "note" varchar(255)) [0m
  [4;36;1mSQL (0.2ms)[0m   [0;1mPRAGMA index_list("sleeps")[0m
  [4;35;1mSQL (8.2ms)[0m   [0mDROP TABLE "sleeps"[0m
  [4;36;1mSQL (0.3ms)[0m   [0;1mCREATE TABLE "sleeps" ("id" INTEGER PRIMARY KEY AUTOINCREMENT NOT NULL, "start" datetime, "stop" datetime, "user_id" integer, "created_at" datetime, "updated_at" datetime, "note" varchar(255)) [0m
  [4;35;1mSQL (0.1ms)[0m   [0mPRAGMA index_list("altered_sleeps")[0m
  [4;36;1mSQL (0.2ms)[0m   [0;1mDROP TABLE "altered_sleeps"[0m
  [4;35;1mSQL (5.2ms)[0m   [0mCREATE TEMPORARY TABLE "altered_sleeps" ("id" INTEGER PRIMARY KEY AUTOINCREMENT NOT NULL, "start" datetime, "stop" datetime, "user_id" integer, "created_at" datetime, "updated_at" datetime, "note" varchar(255)) [0m
  [4;36;1mSQL (0.1ms)[0m   [0;1mPRAGMA index_list("sleeps")[0m
  [4;35;1mSQL (5.6ms)[0m   [0mDROP TABLE "sleeps"[0m
  [4;36;1mSQL (0.3ms)[0m   [0;1mCREATE TABLE "sleeps" ("id" INTEGER PRIMARY KEY AUTOINCREMENT NOT NULL, "start" datetime, "stop" datetime, "user_id" integer, "created_at" datetime, "updated_at" datetime) [0m
  [4;35;1mSQL (0.1ms)[0m   [0mPRAGMA index_list("altered_sleeps")[0m
  [4;36;1mSQL (0.2ms)[0m   [0;1mDROP TABLE "altered_sleeps"[0m
  [4;35;1mSQL (17.3ms)[0m   [0mDELETE FROM schema_migrations WHERE version = '20090221224523'[0m
Migrating to CreateSleeps (20090221213819)
  [4;36;1mSQL (9.7ms)[0m   [0;1mDROP TABLE "sleeps"[0m
  [4;35;1mSQL (10.8ms)[0m   [0mDELETE FROM schema_migrations WHERE version = '20090221213819'[0m
Migrating to CreateUsers (20090221204415)
  [4;36;1mSQL (11.6ms)[0m   [0;1mDROP TABLE "users"[0m
  [4;35;1mSQL (9.1ms)[0m   [0mDELETE FROM schema_migrations WHERE version = '20090221204415'[0m
  [4;36;1mSQL (4.0ms)[0m   [0;1m SELECT name
 FROM sqlite_master
 WHERE type = 'table' AND NOT name = 'sqlite_sequence'
[0m
  [4;35;1mSQL (5.8ms)[0m   [0mSELECT version FROM schema_migrations[0m
  [4;36;1mSQL (7.0ms)[0m   [0;1m SELECT name
 FROM sqlite_master
 WHERE type = 'table' AND NOT name = 'sqlite_sequence'
[0m
  [4;35;1mSQL (0.1ms)[0m   [0mPRAGMA index_list("tags")[0m
  [4;36;1mSQL (25.7ms)[0m   [0;1m SELECT name
 FROM sqlite_master
 WHERE type = 'table' AND NOT name = 'sqlite_sequence'
[0m
  [4;35;1mSQL (5.0ms)[0m   [0mSELECT version FROM schema_migrations[0m
Migrating to CreateUsers (20090221204415)
  [4;36;1mSQL (0.4ms)[0m   [0;1mselect sqlite_version(*)[0m
  [4;35;1mSQL (18.7ms)[0m   [0mCREATE TABLE "users" ("id" INTEGER PRIMARY KEY AUTOINCREMENT NOT NULL, "username" varchar(255), "email" varchar(255), "password" varchar(255), "realname" varchar(255), "created_at" datetime, "updated_at" datetime) [0m
  [4;36;1mSQL (22.3ms)[0m   [0;1mINSERT INTO schema_migrations (version) VALUES ('20090221204415')[0m
Migrating to CreateSleeps (20090221213819)
  [4;35;1mSQL (11.7ms)[0m   [0mCREATE TABLE "sleeps" ("id" INTEGER PRIMARY KEY AUTOINCREMENT NOT NULL, "start" datetime, "stop" datetime, "user_id" integer, "created_at" datetime, "updated_at" datetime) [0m
  [4;36;1mSQL (13.7ms)[0m   [0;1mINSERT INTO schema_migrations (version) VALUES ('20090221213819')[0m
Migrating to ModifySleeps (20090221224523)
  [4;35;1mSQL (10.6ms)[0m   [0mALTER TABLE "sleeps" ADD "zip" varchar(255)[0m
  [4;36;1mSQL (21.3ms)[0m   [0;1mVACUUM[0m
  [4;35;1mSQL (10.9ms)[0m   [0mALTER TABLE "sleeps" ADD "quality" integer[0m
  [4;36;1mSQL (25.0ms)[0m   [0;1mVACUUM[0m
  [4;35;1mSQL (13.6ms)[0m   [0mALTER TABLE "sleeps" ADD "note" varchar(255)[0m
  [4;36;1mSQL (22.0ms)[0m   [0;1mVACUUM[0m
  [4;35;1mSQL (12.9ms)[0m   [0mINSERT INTO schema_migrations (version) VALUES ('20090221224523')[0m
Migrating to AddPublicToUser (20090222052202)
  [4;36;1mSQL (22.6ms)[0m   [0;1mALTER TABLE "users" ADD "public_profile" boolean[0m
  [4;35;1mSQL (35.9ms)[0m   [0mVACUUM[0m
  [4;36;1mSQL (13.7ms)[0m   [0;1mALTER TABLE "users" ADD "zip" varchar(255)[0m
  [4;35;1mSQL (20.1ms)[0m   [0mVACUUM[0m
  [4;36;1mSQL (11.6ms)[0m   [0;1mINSERT INTO schema_migrations (version) VALUES ('20090222052202')[0m
Migrating to AddMorestuffToUser (20090222085610)
  [4;35;1mSQL (11.0ms)[0m   [0mALTER TABLE "users" ADD "target_hours" decimal[0m
  [4;36;1mSQL (26.9ms)[0m   [0;1mVACUUM[0m
  [4;35;1mSQL (13.1ms)[0m   [0mALTER TABLE "users" ADD "twitter" varchar(255)[0m
  [4;36;1mSQL (22.4ms)[0m   [0;1mVACUUM[0m
  [4;35;1mSQL (12.8ms)[0m   [0mINSERT INTO schema_migrations (version) VALUES ('20090222085610')[0m
  [4;36;1mSQL (3.4ms)[0m   [0;1m SELECT name
 FROM sqlite_master
 WHERE type = 'table' AND NOT name = 'sqlite_sequence'
[0m
  [4;35;1mSQL (3.1ms)[0m   [0mSELECT version FROM schema_migrations[0m
  [4;36;1mSQL (3.3ms)[0m   [0;1m SELECT name
 FROM sqlite_master
 WHERE type = 'table' AND NOT name = 'sqlite_sequence'
[0m
  [4;35;1mSQL (0.1ms)[0m   [0mPRAGMA index_list("sleeps")[0m
  [4;36;1mSQL (0.1ms)[0m   [0;1mPRAGMA index_list("tags")[0m
  [4;35;1mSQL (0.1ms)[0m   [0mPRAGMA index_list("users")[0m
  [4;36;1mSQL (8.7ms)[0m   [0;1m SELECT name
 FROM sqlite_master
 WHERE type = 'table' AND NOT name = 'sqlite_sequence'
[0m
  [4;35;1mSQL (2.1ms)[0m   [0mSELECT version FROM schema_migrations[0m
Migrating to CreateUsers (20090221204415)
Migrating to CreateSleeps (20090221213819)
Migrating to ModifySleeps (20090221224523)
Migrating to AddPublicToUser (20090222052202)
Migrating to AddMorestuffToUser (20090222085610)
  [4;36;1mSQL (0.3ms)[0m   [0;1mselect sqlite_version(*)[0m
  [4;35;1mSQL (3.8ms)[0m   [0m SELECT name
 FROM sqlite_master
 WHERE type = 'table' AND NOT name = 'sqlite_sequence'
[0m
  [4;36;1mSQL (2.4ms)[0m   [0;1mSELECT version FROM schema_migrations[0m
  [4;35;1mSQL (4.1ms)[0m   [0m SELECT name
 FROM sqlite_master
 WHERE type = 'table' AND NOT name = 'sqlite_sequence'
[0m
  [4;36;1mSQL (0.1ms)[0m   [0;1mPRAGMA index_list("sleeps")[0m
  [4;35;1mSQL (0.1ms)[0m   [0mPRAGMA index_list("tags")[0m
  [4;36;1mSQL (0.1ms)[0m   [0;1mPRAGMA index_list("users")[0m
  [4;36;1mSQL (8.8ms)[0m   [0;1m SELECT name
 FROM sqlite_master
 WHERE type = 'table' AND NOT name = 'sqlite_sequence'
[0m
  [4;35;1mSQL (2.7ms)[0m   [0mSELECT version FROM schema_migrations[0m
Migrating to CreateUsers (20090221204415)
Migrating to CreateSleeps (20090221213819)
Migrating to ModifySleeps (20090221224523)
Migrating to AddPublicToUser (20090222052202)
Migrating to AddMorestuffToUser (20090222085610)
Migrating to AddAdminToUsers (20090223060925)
  [4;36;1mSQL (0.3ms)[0m   [0;1mselect sqlite_version(*)[0m
  [4;35;1mSQL (9.0ms)[0m   [0mALTER TABLE "users" ADD "admin" boolean[0m
  [4;36;1mSQL (30.1ms)[0m   [0;1mVACUUM[0m
  [4;35;1mSQL (12.8ms)[0m   [0mINSERT INTO schema_migrations (version) VALUES ('20090223060925')[0m
  [4;36;1mSQL (3.9ms)[0m   [0;1m SELECT name
 FROM sqlite_master
 WHERE type = 'table' AND NOT name = 'sqlite_sequence'
[0m
  [4;35;1mSQL (2.3ms)[0m   [0mSELECT version FROM schema_migrations[0m
  [4;36;1mSQL (3.8ms)[0m   [0;1m SELECT name
 FROM sqlite_master
 WHERE type = 'table' AND NOT name = 'sqlite_sequence'
[0m
  [4;35;1mSQL (0.1ms)[0m   [0mPRAGMA index_list("sleeps")[0m
  [4;36;1mSQL (0.1ms)[0m   [0;1mPRAGMA index_list("tags")[0m
  [4;35;1mSQL (0.2ms)[0m   [0mPRAGMA index_list("users")[0m


Processing HomeController#index (for 127.0.0.1 at 2009-02-23 16:26:24) [GET]
Rendering template within layouts/application
Rendering home/index
  [4;36;1mUser Load (0.3ms)[0m   [0;1mSELECT * FROM "users" WHERE ("users"."id" = 1) [0m
Completed in 22ms (View: 20, DB: 0) | 200 OK [http://localhost/home]


Processing AdminController#index (for 127.0.0.1 at 2009-02-23 16:26:28) [GET]
  [4;35;1mUser Load (0.4ms)[0m   [0mSELECT * FROM "users" WHERE ("users"."id" = 1) LIMIT 1[0m
  [4;36;1mUser Load (7.3ms)[0m   [0;1mSELECT * FROM "users" [0m
Rendering template within layouts/application
Rendering admin/index
  [4;35;1mUser Load (0.7ms)[0m   [0mSELECT * FROM "users" WHERE ("users"."id" = 1) [0m
Completed in 36ms (View: 18, DB: 8) | 200 OK [http://localhost/admin]


Processing AdminController#edit (for 127.0.0.1 at 2009-02-23 16:26:49) [GET]
  Parameters: {"id"=>"74"}
  [4;36;1mUser Load (0.4ms)[0m   [0;1mSELECT * FROM "users" WHERE ("users"."id" = 1) LIMIT 1[0m
  [4;35;1mUser Load (0.4ms)[0m   [0mSELECT * FROM "users" WHERE ("users"."id" = 74) [0m
Rendering template within layouts/application
Rendering admin/edit
  [4;36;1mUser Load (0.3ms)[0m   [0;1mSELECT * FROM "users" WHERE ("users"."id" = 1) [0m
Completed in 22ms (View: 8, DB: 1) | 200 OK [http://localhost/admin/edit/74]


Processing ApplicationController#logout (for 127.0.0.1 at 2009-02-23 16:28:44) [GET]


SyntaxError (/Users/mblake/Documents/code/yawnlog-prod/app/controllers/users_controller.rb:19: syntax error, unexpected $undefined
	    params[:user][:twitter]=~ s/@.//
	                                 ^
/Users/mblake/Documents/code/yawnlog-prod/app/controllers/users_controller.rb:113: syntax error, unexpected $end, expecting kEND):
    /usr/local/lib/ruby/gems/1.8/gems/activesupport-2.2.2/lib/active_support/dependencies.rb:382:in `load_without_new_constant_marking'
    /usr/local/lib/ruby/gems/1.8/gems/activesupport-2.2.2/lib/active_support/dependencies.rb:382:in `load_file'
    /usr/local/lib/ruby/gems/1.8/gems/activesupport-2.2.2/lib/active_support/dependencies.rb:521:in `new_constants_in'
    /usr/local/lib/ruby/gems/1.8/gems/activesupport-2.2.2/lib/active_support/dependencies.rb:381:in `load_file'
    /usr/local/lib/ruby/gems/1.8/gems/activesupport-2.2.2/lib/active_support/dependencies.rb:256:in `require_or_load'
    /usr/local/lib/ruby/gems/1.8/gems/activesupport-2.2.2/lib/active_support/dependencies.rb:427:in `load_missing_constant'
    /usr/local/lib/ruby/gems/1.8/gems/activesupport-2.2.2/lib/active_support/dependencies.rb:77:in `const_missing'
    /usr/local/lib/ruby/gems/1.8/gems/activesupport-2.2.2/lib/active_support/dependencies.rb:89:in `const_missing'
    /usr/local/lib/ruby/gems/1.8/gems/activesupport-2.2.2/lib/active_support/inflector.rb:352:in `constantize'
    /usr/local/lib/ruby/gems/1.8/gems/activesupport-2.2.2/lib/active_support/inflector.rb:351:in `each'
    /usr/local/lib/ruby/gems/1.8/gems/activesupport-2.2.2/lib/active_support/inflector.rb:351:in `constantize'
    /usr/local/lib/ruby/gems/1.8/gems/activesupport-2.2.2/lib/active_support/core_ext/string/inflections.rb:162:in `constantize'
    /usr/local/lib/ruby/gems/1.8/gems/actionpack-2.2.2/lib/action_controller/routing/route_set.rb:388:in `recognize'
    /usr/local/lib/ruby/gems/1.8/gems/actionpack-2.2.2/lib/action_controller/dispatcher.rb:182:in `handle_request'
    /usr/local/lib/ruby/gems/1.8/gems/actionpack-2.2.2/lib/action_controller/dispatcher.rb:110:in `dispatch_unlocked'
    /usr/local/lib/ruby/gems/1.8/gems/actionpack-2.2.2/lib/action_controller/dispatcher.rb:123:in `dispatch'
    /usr/local/lib/ruby/gems/1.8/gems/actionpack-2.2.2/lib/action_controller/dispatcher.rb:122:in `synchronize'
    /usr/local/lib/ruby/gems/1.8/gems/actionpack-2.2.2/lib/action_controller/dispatcher.rb:122:in `dispatch'
    /usr/local/lib/ruby/gems/1.8/gems/actionpack-2.2.2/lib/action_controller/dispatcher.rb:132:in `dispatch_cgi'
    /usr/local/lib/ruby/gems/1.8/gems/actionpack-2.2.2/lib/action_controller/dispatcher.rb:39:in `dispatch'
    /usr/local/lib/ruby/gems/1.8/gems/mongrel-1.1.5/lib/mongrel/rails.rb:76:in `process'
    /usr/local/lib/ruby/gems/1.8/gems/mongrel-1.1.5/lib/mongrel/rails.rb:74:in `synchronize'
    /usr/local/lib/ruby/gems/1.8/gems/mongrel-1.1.5/lib/mongrel/rails.rb:74:in `process'
    /usr/local/lib/ruby/gems/1.8/gems/mongrel-1.1.5/lib/mongrel.rb:159:in `process_client'
    /usr/local/lib/ruby/gems/1.8/gems/mongrel-1.1.5/lib/mongrel.rb:158:in `each'
    /usr/local/lib/ruby/gems/1.8/gems/mongrel-1.1.5/lib/mongrel.rb:158:in `process_client'
    /usr/local/lib/ruby/gems/1.8/gems/mongrel-1.1.5/lib/mongrel.rb:285:in `run'
    /usr/local/lib/ruby/gems/1.8/gems/mongrel-1.1.5/lib/mongrel.rb:285

Rendered /usr/local/lib/ruby/gems/1.8/gems/actionpack-2.2.2/lib/action_controller/templates/rescues/_trace (10.9ms)
Rendered /usr/local/lib/ruby/gems/1.8/gems/actionpack-2.2.2/lib/action_controller/templates/rescues/_request_and_response (1.4ms)
Rendering /usr/local/lib/ruby/gems/1.8/gems/actionpack-2.2.2/lib/action_controller/templates/rescues/layout.erb (internal_server_error)


Processing ApplicationController#logout (for 127.0.0.1 at 2009-02-23 16:28:51) [GET]


SyntaxError (/Users/mblake/Documents/code/yawnlog-prod/app/controllers/users_controller.rb:19: syntax error, unexpected $undefined
	    params[:user][:twitter]=~ s/@//
	                                 ^):
    /usr/local/lib/ruby/gems/1.8/gems/activesupport-2.2.2/lib/active_support/dependencies.rb:382:in `load_without_new_constant_marking'
    /usr/local/lib/ruby/gems/1.8/gems/activesupport-2.2.2/lib/active_support/dependencies.rb:382:in `load_file'
    /usr/local/lib/ruby/gems/1.8/gems/activesupport-2.2.2/lib/active_support/dependencies.rb:521:in `new_constants_in'
    /usr/local/lib/ruby/gems/1.8/gems/activesupport-2.2.2/lib/active_support/dependencies.rb:381:in `load_file'
    /usr/local/lib/ruby/gems/1.8/gems/activesupport-2.2.2/lib/active_support/dependencies.rb:256:in `require_or_load'
    /usr/local/lib/ruby/gems/1.8/gems/activesupport-2.2.2/lib/active_support/dependencies.rb:427:in `load_missing_constant'
    /usr/local/lib/ruby/gems/1.8/gems/activesupport-2.2.2/lib/active_support/dependencies.rb:77:in `const_missing'
    /usr/local/lib/ruby/gems/1.8/gems/activesupport-2.2.2/lib/active_support/dependencies.rb:89:in `const_missing'
    /usr/local/lib/ruby/gems/1.8/gems/activesupport-2.2.2/lib/active_support/inflector.rb:352:in `constantize'
    /usr/local/lib/ruby/gems/1.8/gems/activesupport-2.2.2/lib/active_support/inflector.rb:351:in `each'
    /usr/local/lib/ruby/gems/1.8/gems/activesupport-2.2.2/lib/active_support/inflector.rb:351:in `constantize'
    /usr/local/lib/ruby/gems/1.8/gems/activesupport-2.2.2/lib/active_support/core_ext/string/inflections.rb:162:in `constantize'
    /usr/local/lib/ruby/gems/1.8/gems/actionpack-2.2.2/lib/action_controller/routing/route_set.rb:388:in `recognize'
    /usr/local/lib/ruby/gems/1.8/gems/actionpack-2.2.2/lib/action_controller/dispatcher.rb:182:in `handle_request'
    /usr/local/lib/ruby/gems/1.8/gems/actionpack-2.2.2/lib/action_controller/dispatcher.rb:110:in `dispatch_unlocked'
    /usr/local/lib/ruby/gems/1.8/gems/actionpack-2.2.2/lib/action_controller/dispatcher.rb:123:in `dispatch'
    /usr/local/lib/ruby/gems/1.8/gems/actionpack-2.2.2/lib/action_controller/dispatcher.rb:122:in `synchronize'
    /usr/local/lib/ruby/gems/1.8/gems/actionpack-2.2.2/lib/action_controller/dispatcher.rb:122:in `dispatch'
    /usr/local/lib/ruby/gems/1.8/gems/actionpack-2.2.2/lib/action_controller/dispatcher.rb:132:in `dispatch_cgi'
    /usr/local/lib/ruby/gems/1.8/gems/actionpack-2.2.2/lib/action_controller/dispatcher.rb:39:in `dispatch'
    /usr/local/lib/ruby/gems/1.8/gems/mongrel-1.1.5/lib/mongrel/rails.rb:76:in `process'
    /usr/local/lib/ruby/gems/1.8/gems/mongrel-1.1.5/lib/mongrel/rails.rb:74:in `synchronize'
    /usr/local/lib/ruby/gems/1.8/gems/mongrel-1.1.5/lib/mongrel/rails.rb:74:in `process'
    /usr/local/lib/ruby/gems/1.8/gems/mongrel-1.1.5/lib/mongrel.rb:159:in `process_client'
    /usr/local/lib/ruby/gems/1.8/gems/mongrel-1.1.5/lib/mongrel.rb:158:in `each'
    /usr/local/lib/ruby/gems/1.8/gems/mongrel-1.1.5/lib/mongrel.rb:158:in `process_client'
    /usr/local/lib/ruby/gems/1.8/gems/mongrel-1.1.5/lib/mongrel.rb:285:in `run'
    /usr/local/lib/ruby/gems/1.8/gems/mongrel-1.1.5/lib/mongrel.rb:285

Rendered /usr/local/lib/ruby/gems/1.8/gems/actionpack-2.2.2/lib/action_controller/templates/rescues/_trace (10.6ms)
Rendered /usr/local/lib/ruby/gems/1.8/gems/actionpack-2.2.2/lib/action_controller/templates/rescues/_request_and_response (0.7ms)
Rendering /usr/local/lib/ruby/gems/1.8/gems/actionpack-2.2.2/lib/action_controller/templates/rescues/layout.erb (internal_server_error)


Processing UsersController#logout (for 127.0.0.1 at 2009-02-23 16:29:48) [GET]
  [4;35;1mUser Load (0.3ms)[0m   [0mSELECT * FROM "users" WHERE ("users"."id" = 1) LIMIT 1[0m
Redirected to actionindexcontrollerhome
Completed in 7ms (DB: 0) | 302 Found [http://localhost/users/logout]


Processing HomeController#index (for 127.0.0.1 at 2009-02-23 16:29:48) [GET]
Rendering template within layouts/application
Rendering home/index
Completed in 7ms (View: 6, DB: 0) | 200 OK [http://localhost/home]


Processing UsersController#login (for 127.0.0.1 at 2009-02-23 16:29:51) [GET]
Rendering template within layouts/application
Rendering users/login
Completed in 7ms (View: 5, DB: 0) | 200 OK [http://localhost/users/login]


Processing UsersController#login_backend (for 127.0.0.1 at 2009-02-23 16:29:53) [POST]
  Parameters: {"commit"=>"login", "authenticity_token"=>"35b1414725683034178b5686a447f700dc542df8", "user"=>{"username"=>"myblake", "password"=>"twist2x"}}
  [4;36;1mUser Load (0.7ms)[0m   [0;1mSELECT * FROM "users" WHERE (username='myblake' and password='28de7d8e1308ccecbf16cabf11848bf9053437a6') LIMIT 1[0m
Redirected to actionindexcontrollersleeps
Completed in 9ms (DB: 1) | 302 Found [http://localhost/users/login_backend]


Processing SleepsController#index (for 127.0.0.1 at 2009-02-23 16:29:53) [GET]
  [4;35;1mUser Load (0.3ms)[0m   [0mSELECT * FROM "users" WHERE ("users"."id" = 12) LIMIT 1[0m
  [4;36;1mSleep Load (2.0ms)[0m   [0;1mSELECT * FROM "sleeps" WHERE (user_id=12) ORDER BY start DESC[0m
  [4;35;1mUser Load (0.3ms)[0m   [0mSELECT * FROM "users" WHERE ("users"."id" = 12) [0m
Rendering template within layouts/application
Rendering sleeps/index
  [4;36;1mCACHE (0.0ms)[0m   [0;1mSELECT * FROM "users" WHERE ("users"."id" = 12) [0m
  [4;35;1mSleep Load (0.4ms)[0m   [0mSELECT * FROM "sleeps" WHERE (user_id=12 AND start<'2009-02-17 00:00:00' AND stop>'2009-02-16 00:00:00') [0m
  [4;36;1mSleep Load (0.4ms)[0m   [0;1mSELECT * FROM "sleeps" WHERE (user_id=12 AND start<'2009-02-18 00:00:00' AND stop>'2009-02-17 00:00:00') [0m
  [4;35;1mSleep Load (0.4ms)[0m   [0mSELECT * FROM "sleeps" WHERE (user_id=12 AND start<'2009-02-19 00:00:00' AND stop>'2009-02-18 00:00:00') [0m
  [4;36;1mSleep Load (0.4ms)[0m   [0;1mSELECT * FROM "sleeps" WHERE (user_id=12 AND start<'2009-02-20 00:00:00' AND stop>'2009-02-19 00:00:00') [0m
  [4;35;1mSleep Load (0.3ms)[0m   [0mSELECT * FROM "sleeps" WHERE (user_id=12 AND start<'2009-02-21 00:00:00' AND stop>'2009-02-20 00:00:00') [0m
  [4;36;1mSleep Load (0.3ms)[0m   [0;1mSELECT * FROM "sleeps" WHERE (user_id=12 AND start<'2009-02-22 00:00:00' AND stop>'2009-02-21 00:00:00') [0m
  [4;35;1mSleep Load (0.4ms)[0m   [0mSELECT * FROM "sleeps" WHERE (user_id=12 AND start<'2009-02-23 00:00:00' AND stop>'2009-02-22 00:00:00') [0m
  [4;36;1mSleep Load (0.3ms)[0m   [0;1mSELECT * FROM "sleeps" WHERE (user_id=12 AND start<'2009-02-24 00:00:00' AND stop>'2009-02-23 00:00:00') [0m
  [4;35;1mCACHE (0.0ms)[0m   [0mSELECT * FROM "users" WHERE ("users"."id" = 12) [0m
  [4;36;1mCACHE (0.0ms)[0m   [0;1mSELECT * FROM "sleeps" WHERE (user_id=12 AND start<'2009-02-24 00:00:00' AND stop>'2009-02-23 00:00:00') [0m
  [4;35;1mCACHE (0.0ms)[0m   [0mSELECT * FROM "users" WHERE ("users"."id" = 12) [0m
  [4;36;1mSleep Load (0.9ms)[0m   [0;1mSELECT * FROM "sleeps" WHERE (user_id=12) ORDER BY start ASC LIMIT 1[0m
  [4;35;1mCACHE (0.0ms)[0m   [0mSELECT * FROM "sleeps" WHERE (user_id=12 AND start<'2009-02-17 00:00:00' AND stop>'2009-02-16 00:00:00') [0m
  [4;36;1mCACHE (0.0ms)[0m   [0;1mSELECT * FROM "sleeps" WHERE (user_id=12 AND start<'2009-02-18 00:00:00' AND stop>'2009-02-17 00:00:00') [0m
  [4;35;1mCACHE (0.0ms)[0m   [0mSELECT * FROM "sleeps" WHERE (user_id=12 AND start<'2009-02-19 00:00:00' AND stop>'2009-02-18 00:00:00') [0m
  [4;36;1mCACHE (0.0ms)[0m   [0;1mSELECT * FROM "sleeps" WHERE (user_id=12 AND start<'2009-02-20 00:00:00' AND stop>'2009-02-19 00:00:00') [0m
  [4;35;1mCACHE (0.0ms)[0m   [0mSELECT * FROM "sleeps" WHERE (user_id=12 AND start<'2009-02-21 00:00:00' AND stop>'2009-02-20 00:00:00') [0m
  [4;36;1mCACHE (0.0ms)[0m   [0;1mSELECT * FROM "sleeps" WHERE (user_id=12 AND start<'2009-02-22 00:00:00' AND stop>'2009-02-21 00:00:00') [0m
  [4;35;1mCACHE (0.0ms)[0m   [0mSELECT * FROM "sleeps" WHERE (user_id=12 AND start<'2009-02-23 00:00:00' AND stop>'2009-02-22 00:00:00') [0m
  [4;36;1mCACHE (0.0ms)[0m   [0;1mSELECT * FROM "sleeps" WHERE (user_id=12 AND start<'2009-02-24 00:00:00' AND stop>'2009-02-23 00:00:00') [0m
  [4;35;1mCACHE (0.0ms)[0m   [0mSELECT * FROM "users" WHERE ("users"."id" = 12) [0m
  [4;36;1mCACHE (0.0ms)[0m   [0;1mSELECT * FROM "users" WHERE ("users"."id" = 12) [0m
  [4;35;1mCACHE (0.0ms)[0m   [0mSELECT * FROM "sleeps" WHERE (user_id=12) ORDER BY start ASC LIMIT 1[0m
  [4;36;1mCACHE (0.0ms)[0m   [0;1mSELECT * FROM "sleeps" WHERE (user_id=12 AND start<'2009-02-17 00:00:00' AND stop>'2009-02-16 00:00:00') [0m
  [4;35;1mCACHE (0.0ms)[0m   [0mSELECT * FROM "sleeps" WHERE (user_id=12 AND start<'2009-02-18 00:00:00' AND stop>'2009-02-17 00:00:00') [0m
  [4;36;1mCACHE (0.0ms)[0m   [0;1mSELECT * FROM "sleeps" WHERE (user_id=12 AND start<'2009-02-19 00:00:00' AND stop>'2009-02-18 00:00:00') [0m
  [4;35;1mCACHE (0.0ms)[0m   [0mSELECT * FROM "sleeps" WHERE (user_id=12 AND start<'2009-02-20 00:00:00' AND stop>'2009-02-19 00:00:00') [0m
  [4;36;1mCACHE (0.0ms)[0m   [0;1mSELECT * FROM "sleeps" WHERE (user_id=12 AND start<'2009-02-21 00:00:00' AND stop>'2009-02-20 00:00:00') [0m
  [4;35;1mCACHE (0.0ms)[0m   [0mSELECT * FROM "sleeps" WHERE (user_id=12 AND start<'2009-02-22 00:00:00' AND stop>'2009-02-21 00:00:00') [0m
  [4;36;1mCACHE (0.0ms)[0m   [0;1mSELECT * FROM "sleeps" WHERE (user_id=12 AND start<'2009-02-23 00:00:00' AND stop>'2009-02-22 00:00:00') [0m
  [4;35;1mCACHE (0.0ms)[0m   [0mSELECT * FROM "sleeps" WHERE (user_id=12 AND start<'2009-02-24 00:00:00' AND stop>'2009-02-23 00:00:00') [0m
Rendered partials/_chart (53.9ms)
  [4;36;1mCACHE (0.0ms)[0m   [0;1mSELECT * FROM "users" WHERE ("users"."id" = 12) [0m
Completed in 179ms (View: 163, DB: 6) | 200 OK [http://localhost/sleeps]


Processing UsersController#edit (for 127.0.0.1 at 2009-02-23 16:29:55) [GET]
  [4;35;1mUser Load (0.3ms)[0m   [0mSELECT * FROM "users" WHERE ("users"."id" = 12) LIMIT 1[0m
  [4;36;1mUser Load (0.3ms)[0m   [0;1mSELECT * FROM "users" WHERE ("users"."id" = 12) [0m
Rendering template within layouts/application
Rendering users/edit
  [4;35;1mCACHE (0.0ms)[0m   [0mSELECT * FROM "users" WHERE ("users"."id" = 12) [0m
Completed in 16ms (View: 9, DB: 1) | 200 OK [http://localhost/users/edit]


Processing UsersController#edit (for 127.0.0.1 at 2009-02-23 16:30:08) [POST]
  Parameters: {"commit"=>"Update", "authenticity_token"=>"35b1414725683034178b5686a447f700dc542df8", "user"=>{"realname"=>"Matt Blake", "zip"=>"02143", "target_hours"=>"8.0", "password"=>"", "public_profile"=>"1", "twitter"=>"@myblakeo", "password_confirm"=>"", "email"=>"myblake@gmail.com"}}
  [4;36;1mUser Load (0.3ms)[0m   [0;1mSELECT * FROM "users" WHERE ("users"."id" = 12) LIMIT 1[0m
  [4;35;1mUser Load (0.3ms)[0m   [0mSELECT * FROM "users" WHERE ("users"."id" = 12) [0m
  [4;36;1mUser Exists (0.3ms)[0m   [0;1mSELECT "users".id FROM "users" WHERE ("users"."username" = 'myblake' AND "users".id <> 12) LIMIT 1[0m
  [4;35;1mUser Exists (0.1ms)[0m   [0mSELECT "users".id FROM "users" WHERE ("users"."email" = 'myblake@gmail.com' AND "users".id <> 12) LIMIT 1[0m
  [4;36;1mUser Update (0.5ms)[0m   [0;1mUPDATE "users" SET "updated_at" = '2009-02-23 21:30:08', "twitter" = '@myblakeo' WHERE "id" = 12[0m
Redirected to actionindexcontrollerhome
Completed in 14ms (DB: 1) | 302 Found [http://localhost/users/edit]


Processing HomeController#index (for 127.0.0.1 at 2009-02-23 16:30:08) [GET]
Rendering template within layouts/application
Rendering home/index
  [4;35;1mUser Load (0.3ms)[0m   [0mSELECT * FROM "users" WHERE ("users"."id" = 12) [0m
Completed in 14ms (View: 12, DB: 0) | 200 OK [http://localhost/home]


Processing UsersController#edit (for 127.0.0.1 at 2009-02-23 16:30:10) [GET]
  [4;36;1mUser Load (0.3ms)[0m   [0;1mSELECT * FROM "users" WHERE ("users"."id" = 12) LIMIT 1[0m
  [4;35;1mUser Load (0.3ms)[0m   [0mSELECT * FROM "users" WHERE ("users"."id" = 12) [0m


NoMethodError (You have a nil object when you didn't expect it!
You might have expected an instance of ActiveRecord::Base.
The error occurred while evaluating nil.[]):
    /app/controllers/users_controller.rb:80:in `edit'
    /usr/local/lib/ruby/gems/1.8/gems/actionpack-2.2.2/lib/action_controller/base.rb:1253:in `send'
    /usr/local/lib/ruby/gems/1.8/gems/actionpack-2.2.2/lib/action_controller/base.rb:1253:in `perform_action_without_filters'
    /usr/local/lib/ruby/gems/1.8/gems/actionpack-2.2.2/lib/action_controller/filters.rb:617:in `call_filters'
    /usr/local/lib/ruby/gems/1.8/gems/actionpack-2.2.2/lib/action_controller/filters.rb:610:in `perform_action_without_benchmark'
    /usr/local/lib/ruby/gems/1.8/gems/actionpack-2.2.2/lib/action_controller/benchmarking.rb:68:in `perform_action_without_rescue'
    /usr/local/lib/ruby/1.8/benchmark.rb:294:in `measure'
    /usr/local/lib/ruby/gems/1.8/gems/actionpack-2.2.2/lib/action_controller/benchmarking.rb:68:in `perform_action_without_rescue'
    /usr/local/lib/ruby/gems/1.8/gems/actionpack-2.2.2/lib/action_controller/rescue.rb:136:in `perform_action_without_caching'
    /usr/local/lib/ruby/gems/1.8/gems/actionpack-2.2.2/lib/action_controller/caching/sql_cache.rb:13:in `perform_action'
    /usr/local/lib/ruby/gems/1.8/gems/activerecord-2.2.2/lib/active_record/connection_adapters/abstract/query_cache.rb:34:in `cache'
    /usr/local/lib/ruby/gems/1.8/gems/activerecord-2.2.2/lib/active_record/query_cache.rb:8:in `cache'
    /usr/local/lib/ruby/gems/1.8/gems/actionpack-2.2.2/lib/action_controller/caching/sql_cache.rb:12:in `perform_action'
    /usr/local/lib/ruby/gems/1.8/gems/actionpack-2.2.2/lib/action_controller/base.rb:524:in `send'
    /usr/local/lib/ruby/gems/1.8/gems/actionpack-2.2.2/lib/action_controller/base.rb:524:in `process_without_filters'
    /usr/local/lib/ruby/gems/1.8/gems/actionpack-2.2.2/lib/action_controller/filters.rb:606:in `process_without_session_management_support'
    /usr/local/lib/ruby/gems/1.8/gems/actionpack-2.2.2/lib/action_controller/session_management.rb:134:in `process'
    /usr/local/lib/ruby/gems/1.8/gems/actionpack-2.2.2/lib/action_controller/base.rb:392:in `process'
    /usr/local/lib/ruby/gems/1.8/gems/actionpack-2.2.2/lib/action_controller/dispatcher.rb:183:in `handle_request'
    /usr/local/lib/ruby/gems/1.8/gems/actionpack-2.2.2/lib/action_controller/dispatcher.rb:110:in `dispatch_unlocked'
    /usr/local/lib/ruby/gems/1.8/gems/actionpack-2.2.2/lib/action_controller/dispatcher.rb:123:in `dispatch'
    /usr/local/lib/ruby/gems/1.8/gems/actionpack-2.2.2/lib/action_controller/dispatcher.rb:122:in `synchronize'
    /usr/local/lib/ruby/gems/1.8/gems/actionpack-2.2.2/lib/action_controller/dispatcher.rb:122:in `dispatch'
    /usr/local/lib/ruby/gems/1.8/gems/actionpack-2.2.2/lib/action_controller/dispatcher.rb:132:in `dispatch_cgi'
    /usr/local/lib/ruby/gems/1.8/gems/actionpack-2.2.2/lib/action_controller/dispatcher.rb:39:in `dispatch'
    /usr/local/lib/ruby/gems/1.8/gems/mongrel-1.1.5/lib/mongrel/rails.rb:76:in `process'
    /usr/local/lib/ruby/gems/1.8/gems/mongrel-1.1.5/lib/mongrel/rails.rb:74:in `synchronize'
    /usr/local/lib/ruby/gems/1.8/gems/mongrel-1.1.5/lib/mongrel/rails.rb:74:in `process'
    /usr/local/lib/ruby/gems/1.8/gems/mongrel-1.1.5/lib/mongrel.rb:159:in `process_client'
    /usr/local/lib/ruby/gems/1.8/gems/mongrel-1.1.5/lib/mongrel.rb:158:in `each'
    /usr/local/lib/ruby/gems/1.8/gems/mongrel-1.1.5/lib/mongrel.rb:158:in `process_client'
    /usr/local/lib/ruby/gems/1.8/gems/mongrel-1.1.5/lib/mongrel.rb:285:in `run'
    /usr/local/lib/ruby/gems/1.8/gems/mongrel-1.1.5/lib/mongrel.rb:285

Rendered /usr/local/lib/ruby/gems/1.8/gems/actionpack-2.2.2/lib/action_controller/templates/rescues/_trace (10.7ms)
Rendered /usr/local/lib/ruby/gems/1.8/gems/actionpack-2.2.2/lib/action_controller/templates/rescues/_request_and_response (0.7ms)
Rendering /usr/local/lib/ruby/gems/1.8/gems/actionpack-2.2.2/lib/action_controller/templates/rescues/layout.erb (internal_server_error)


Processing HomeController#index (for 127.0.0.1 at 2009-02-23 16:32:54) [GET]
Rendering template within layouts/application
Rendering home/index
  [4;36;1mUser Load (0.4ms)[0m   [0;1mSELECT * FROM "users" WHERE ("users"."id" = 12) [0m
Completed in 23ms (View: 22, DB: 0) | 200 OK [http://localhost/home]


Processing UsersController#logout (for 127.0.0.1 at 2009-02-23 16:32:56) [GET]
  [4;35;1mUser Load (0.4ms)[0m   [0mSELECT * FROM "users" WHERE ("users"."id" = 12) LIMIT 1[0m
Redirected to actionindexcontrollerhome
Completed in 7ms (DB: 0) | 302 Found [http://localhost/users/logout]


Processing HomeController#index (for 127.0.0.1 at 2009-02-23 16:32:56) [GET]
Rendering template within layouts/application
Rendering home/index
Completed in 9ms (View: 8, DB: 0) | 200 OK [http://localhost/home]


Processing UsersController#login (for 127.0.0.1 at 2009-02-23 16:32:57) [GET]
Rendering template within layouts/application
Rendering users/login
Completed in 9ms (View: 6, DB: 0) | 200 OK [http://localhost/users/login]


Processing UsersController#login_backend (for 127.0.0.1 at 2009-02-23 16:32:59) [POST]
  Parameters: {"commit"=>"login", "authenticity_token"=>"35b1414725683034178b5686a447f700dc542df8", "user"=>{"username"=>"myblake", "password"=>"twist2x"}}
  [4;36;1mUser Load (1.0ms)[0m   [0;1mSELECT * FROM "users" WHERE (username='myblake' and password='28de7d8e1308ccecbf16cabf11848bf9053437a6') LIMIT 1[0m
Redirected to actionindexcontrollersleeps
Completed in 81ms (DB: 1) | 302 Found [http://localhost/users/login_backend]


Processing SleepsController#index (for 127.0.0.1 at 2009-02-23 16:32:59) [GET]
  [4;35;1mUser Load (0.3ms)[0m   [0mSELECT * FROM "users" WHERE ("users"."id" = 12) LIMIT 1[0m
  [4;36;1mSleep Load (82.2ms)[0m   [0;1mSELECT * FROM "sleeps" WHERE (user_id=12) ORDER BY start DESC[0m
  [4;35;1mUser Load (0.3ms)[0m   [0mSELECT * FROM "users" WHERE ("users"."id" = 12) [0m
Rendering template within layouts/application
Rendering sleeps/index
  [4;36;1mCACHE (0.0ms)[0m   [0;1mSELECT * FROM "users" WHERE ("users"."id" = 12) [0m
  [4;35;1mSleep Load (0.4ms)[0m   [0mSELECT * FROM "sleeps" WHERE (user_id=12 AND start<'2009-02-17 00:00:00' AND stop>'2009-02-16 00:00:00') [0m
  [4;36;1mSleep Load (0.3ms)[0m   [0;1mSELECT * FROM "sleeps" WHERE (user_id=12 AND start<'2009-02-18 00:00:00' AND stop>'2009-02-17 00:00:00') [0m
  [4;35;1mSleep Load (0.3ms)[0m   [0mSELECT * FROM "sleeps" WHERE (user_id=12 AND start<'2009-02-19 00:00:00' AND stop>'2009-02-18 00:00:00') [0m
  [4;36;1mSleep Load (0.3ms)[0m   [0;1mSELECT * FROM "sleeps" WHERE (user_id=12 AND start<'2009-02-20 00:00:00' AND stop>'2009-02-19 00:00:00') [0m
  [4;35;1mSleep Load (0.3ms)[0m   [0mSELECT * FROM "sleeps" WHERE (user_id=12 AND start<'2009-02-21 00:00:00' AND stop>'2009-02-20 00:00:00') [0m
  [4;36;1mSleep Load (0.3ms)[0m   [0;1mSELECT * FROM "sleeps" WHERE (user_id=12 AND start<'2009-02-22 00:00:00' AND stop>'2009-02-21 00:00:00') [0m
  [4;35;1mSleep Load (0.4ms)[0m   [0mSELECT * FROM "sleeps" WHERE (user_id=12 AND start<'2009-02-23 00:00:00' AND stop>'2009-02-22 00:00:00') [0m
  [4;36;1mSleep Load (0.3ms)[0m   [0;1mSELECT * FROM "sleeps" WHERE (user_id=12 AND start<'2009-02-24 00:00:00' AND stop>'2009-02-23 00:00:00') [0m
  [4;35;1mCACHE (0.0ms)[0m   [0mSELECT * FROM "users" WHERE ("users"."id" = 12) [0m
  [4;36;1mCACHE (0.0ms)[0m   [0;1mSELECT * FROM "sleeps" WHERE (user_id=12 AND start<'2009-02-24 00:00:00' AND stop>'2009-02-23 00:00:00') [0m
  [4;35;1mCACHE (0.0ms)[0m   [0mSELECT * FROM "users" WHERE ("users"."id" = 12) [0m
  [4;36;1mSleep Load (0.7ms)[0m   [0;1mSELECT * FROM "sleeps" WHERE (user_id=12) ORDER BY start ASC LIMIT 1[0m
  [4;35;1mCACHE (0.0ms)[0m   [0mSELECT * FROM "sleeps" WHERE (user_id=12 AND start<'2009-02-17 00:00:00' AND stop>'2009-02-16 00:00:00') [0m
  [4;36;1mCACHE (0.0ms)[0m   [0;1mSELECT * FROM "sleeps" WHERE (user_id=12 AND start<'2009-02-18 00:00:00' AND stop>'2009-02-17 00:00:00') [0m
  [4;35;1mCACHE (0.0ms)[0m   [0mSELECT * FROM "sleeps" WHERE (user_id=12 AND start<'2009-02-19 00:00:00' AND stop>'2009-02-18 00:00:00') [0m
  [4;36;1mCACHE (0.0ms)[0m   [0;1mSELECT * FROM "sleeps" WHERE (user_id=12 AND start<'2009-02-20 00:00:00' AND stop>'2009-02-19 00:00:00') [0m
  [4;35;1mCACHE (0.0ms)[0m   [0mSELECT * FROM "sleeps" WHERE (user_id=12 AND start<'2009-02-21 00:00:00' AND stop>'2009-02-20 00:00:00') [0m
  [4;36;1mCACHE (0.0ms)[0m   [0;1mSELECT * FROM "sleeps" WHERE (user_id=12 AND start<'2009-02-22 00:00:00' AND stop>'2009-02-21 00:00:00') [0m
  [4;35;1mCACHE (0.0ms)[0m   [0mSELECT * FROM "sleeps" WHERE (user_id=12 AND start<'2009-02-23 00:00:00' AND stop>'2009-02-22 00:00:00') [0m
  [4;36;1mCACHE (0.0ms)[0m   [0;1mSELECT * FROM "sleeps" WHERE (user_id=12 AND start<'2009-02-24 00:00:00' AND stop>'2009-02-23 00:00:00') [0m
  [4;35;1mCACHE (0.0ms)[0m   [0mSELECT * FROM "users" WHERE ("users"."id" = 12) [0m
  [4;36;1mCACHE (0.0ms)[0m   [0;1mSELECT * FROM "users" WHERE ("users"."id" = 12) [0m
  [4;35;1mCACHE (0.0ms)[0m   [0mSELECT * FROM "sleeps" WHERE (user_id=12) ORDER BY start ASC LIMIT 1[0m
  [4;36;1mCACHE (0.0ms)[0m   [0;1mSELECT * FROM "sleeps" WHERE (user_id=12 AND start<'2009-02-17 00:00:00' AND stop>'2009-02-16 00:00:00') [0m
  [4;35;1mCACHE (0.0ms)[0m   [0mSELECT * FROM "sleeps" WHERE (user_id=12 AND start<'2009-02-18 00:00:00' AND stop>'2009-02-17 00:00:00') [0m
  [4;36;1mCACHE (0.0ms)[0m   [0;1mSELECT * FROM "sleeps" WHERE (user_id=12 AND start<'2009-02-19 00:00:00' AND stop>'2009-02-18 00:00:00') [0m
  [4;35;1mCACHE (0.0ms)[0m   [0mSELECT * FROM "sleeps" WHERE (user_id=12 AND start<'2009-02-20 00:00:00' AND stop>'2009-02-19 00:00:00') [0m
  [4;36;1mCACHE (0.0ms)[0m   [0;1mSELECT * FROM "sleeps" WHERE (user_id=12 AND start<'2009-02-21 00:00:00' AND stop>'2009-02-20 00:00:00') [0m
  [4;35;1mCACHE (0.0ms)[0m   [0mSELECT * FROM "sleeps" WHERE (user_id=12 AND start<'2009-02-22 00:00:00' AND stop>'2009-02-21 00:00:00') [0m
  [4;36;1mCACHE (0.0ms)[0m   [0;1mSELECT * FROM "sleeps" WHERE (user_id=12 AND start<'2009-02-23 00:00:00' AND stop>'2009-02-22 00:00:00') [0m
  [4;35;1mCACHE (0.0ms)[0m   [0mSELECT * FROM "sleeps" WHERE (user_id=12 AND start<'2009-02-24 00:00:00' AND stop>'2009-02-23 00:00:00') [0m
Rendered partials/_chart (48.7ms)
  [4;36;1mCACHE (0.0ms)[0m   [0;1mSELECT * FROM "users" WHERE ("users"."id" = 12) [0m
Completed in 164ms (View: 66, DB: 86) | 200 OK [http://localhost/sleeps]


Processing UsersController#edit (for 127.0.0.1 at 2009-02-23 16:33:56) [GET]
  [4;35;1mUser Load (0.3ms)[0m   [0mSELECT * FROM "users" WHERE ("users"."id" = 12) LIMIT 1[0m
  [4;36;1mUser Load (0.3ms)[0m   [0;1mSELECT * FROM "users" WHERE ("users"."id" = 12) [0m


NoMethodError (You have a nil object when you didn't expect it!
You might have expected an instance of ActiveRecord::Base.
The error occurred while evaluating nil.[]):
    /app/controllers/users_controller.rb:80:in `edit'
    /usr/local/lib/ruby/gems/1.8/gems/actionpack-2.2.2/lib/action_controller/base.rb:1253:in `send'
    /usr/local/lib/ruby/gems/1.8/gems/actionpack-2.2.2/lib/action_controller/base.rb:1253:in `perform_action_without_filters'
    /usr/local/lib/ruby/gems/1.8/gems/actionpack-2.2.2/lib/action_controller/filters.rb:617:in `call_filters'
    /usr/local/lib/ruby/gems/1.8/gems/actionpack-2.2.2/lib/action_controller/filters.rb:610:in `perform_action_without_benchmark'
    /usr/local/lib/ruby/gems/1.8/gems/actionpack-2.2.2/lib/action_controller/benchmarking.rb:68:in `perform_action_without_rescue'
    /usr/local/lib/ruby/1.8/benchmark.rb:294:in `measure'
    /usr/local/lib/ruby/gems/1.8/gems/actionpack-2.2.2/lib/action_controller/benchmarking.rb:68:in `perform_action_without_rescue'
    /usr/local/lib/ruby/gems/1.8/gems/actionpack-2.2.2/lib/action_controller/rescue.rb:136:in `perform_action_without_caching'
    /usr/local/lib/ruby/gems/1.8/gems/actionpack-2.2.2/lib/action_controller/caching/sql_cache.rb:13:in `perform_action'
    /usr/local/lib/ruby/gems/1.8/gems/activerecord-2.2.2/lib/active_record/connection_adapters/abstract/query_cache.rb:34:in `cache'
    /usr/local/lib/ruby/gems/1.8/gems/activerecord-2.2.2/lib/active_record/query_cache.rb:8:in `cache'
    /usr/local/lib/ruby/gems/1.8/gems/actionpack-2.2.2/lib/action_controller/caching/sql_cache.rb:12:in `perform_action'
    /usr/local/lib/ruby/gems/1.8/gems/actionpack-2.2.2/lib/action_controller/base.rb:524:in `send'
    /usr/local/lib/ruby/gems/1.8/gems/actionpack-2.2.2/lib/action_controller/base.rb:524:in `process_without_filters'
    /usr/local/lib/ruby/gems/1.8/gems/actionpack-2.2.2/lib/action_controller/filters.rb:606:in `process_without_session_management_support'
    /usr/local/lib/ruby/gems/1.8/gems/actionpack-2.2.2/lib/action_controller/session_management.rb:134:in `process'
    /usr/local/lib/ruby/gems/1.8/gems/actionpack-2.2.2/lib/action_controller/base.rb:392:in `process'
    /usr/local/lib/ruby/gems/1.8/gems/actionpack-2.2.2/lib/action_controller/dispatcher.rb:183:in `handle_request'
    /usr/local/lib/ruby/gems/1.8/gems/actionpack-2.2.2/lib/action_controller/dispatcher.rb:110:in `dispatch_unlocked'
    /usr/local/lib/ruby/gems/1.8/gems/actionpack-2.2.2/lib/action_controller/dispatcher.rb:123:in `dispatch'
    /usr/local/lib/ruby/gems/1.8/gems/actionpack-2.2.2/lib/action_controller/dispatcher.rb:122:in `synchronize'
    /usr/local/lib/ruby/gems/1.8/gems/actionpack-2.2.2/lib/action_controller/dispatcher.rb:122:in `dispatch'
    /usr/local/lib/ruby/gems/1.8/gems/actionpack-2.2.2/lib/action_controller/dispatcher.rb:132:in `dispatch_cgi'
    /usr/local/lib/ruby/gems/1.8/gems/actionpack-2.2.2/lib/action_controller/dispatcher.rb:39:in `dispatch'
    /usr/local/lib/ruby/gems/1.8/gems/mongrel-1.1.5/lib/mongrel/rails.rb:76:in `process'
    /usr/local/lib/ruby/gems/1.8/gems/mongrel-1.1.5/lib/mongrel/rails.rb:74:in `synchronize'
    /usr/local/lib/ruby/gems/1.8/gems/mongrel-1.1.5/lib/mongrel/rails.rb:74:in `process'
    /usr/local/lib/ruby/gems/1.8/gems/mongrel-1.1.5/lib/mongrel.rb:159:in `process_client'
    /usr/local/lib/ruby/gems/1.8/gems/mongrel-1.1.5/lib/mongrel.rb:158:in `each'
    /usr/local/lib/ruby/gems/1.8/gems/mongrel-1.1.5/lib/mongrel.rb:158:in `process_client'
    /usr/local/lib/ruby/gems/1.8/gems/mongrel-1.1.5/lib/mongrel.rb:285:in `run'
    /usr/local/lib/ruby/gems/1.8/gems/mongrel-1.1.5/lib/mongrel.rb:285

Rendered /usr/local/lib/ruby/gems/1.8/gems/actionpack-2.2.2/lib/action_controller/templates/rescues/_trace (10.6ms)
Rendered /usr/local/lib/ruby/gems/1.8/gems/actionpack-2.2.2/lib/action_controller/templates/rescues/_request_and_response (0.7ms)
Rendering /usr/local/lib/ruby/gems/1.8/gems/actionpack-2.2.2/lib/action_controller/templates/rescues/layout.erb (internal_server_error)


Processing UsersController#edit (for 127.0.0.1 at 2009-02-23 16:34:18) [GET]
  [4;35;1mUser Load (0.3ms)[0m   [0mSELECT * FROM "users" WHERE ("users"."id" = 12) LIMIT 1[0m
  [4;36;1mUser Load (0.3ms)[0m   [0;1mSELECT * FROM "users" WHERE ("users"."id" = 12) [0m


NoMethodError (You have a nil object when you didn't expect it!
You might have expected an instance of ActiveRecord::Base.
The error occurred while evaluating nil.[]):
    /app/controllers/users_controller.rb:80:in `edit'
    /usr/local/lib/ruby/gems/1.8/gems/actionpack-2.2.2/lib/action_controller/base.rb:1253:in `send'
    /usr/local/lib/ruby/gems/1.8/gems/actionpack-2.2.2/lib/action_controller/base.rb:1253:in `perform_action_without_filters'
    /usr/local/lib/ruby/gems/1.8/gems/actionpack-2.2.2/lib/action_controller/filters.rb:617:in `call_filters'
    /usr/local/lib/ruby/gems/1.8/gems/actionpack-2.2.2/lib/action_controller/filters.rb:610:in `perform_action_without_benchmark'
    /usr/local/lib/ruby/gems/1.8/gems/actionpack-2.2.2/lib/action_controller/benchmarking.rb:68:in `perform_action_without_rescue'
    /usr/local/lib/ruby/1.8/benchmark.rb:294:in `measure'
    /usr/local/lib/ruby/gems/1.8/gems/actionpack-2.2.2/lib/action_controller/benchmarking.rb:68:in `perform_action_without_rescue'
    /usr/local/lib/ruby/gems/1.8/gems/actionpack-2.2.2/lib/action_controller/rescue.rb:136:in `perform_action_without_caching'
    /usr/local/lib/ruby/gems/1.8/gems/actionpack-2.2.2/lib/action_controller/caching/sql_cache.rb:13:in `perform_action'
    /usr/local/lib/ruby/gems/1.8/gems/activerecord-2.2.2/lib/active_record/connection_adapters/abstract/query_cache.rb:34:in `cache'
    /usr/local/lib/ruby/gems/1.8/gems/activerecord-2.2.2/lib/active_record/query_cache.rb:8:in `cache'
    /usr/local/lib/ruby/gems/1.8/gems/actionpack-2.2.2/lib/action_controller/caching/sql_cache.rb:12:in `perform_action'
    /usr/local/lib/ruby/gems/1.8/gems/actionpack-2.2.2/lib/action_controller/base.rb:524:in `send'
    /usr/local/lib/ruby/gems/1.8/gems/actionpack-2.2.2/lib/action_controller/base.rb:524:in `process_without_filters'
    /usr/local/lib/ruby/gems/1.8/gems/actionpack-2.2.2/lib/action_controller/filters.rb:606:in `process_without_session_management_support'
    /usr/local/lib/ruby/gems/1.8/gems/actionpack-2.2.2/lib/action_controller/session_management.rb:134:in `process'
    /usr/local/lib/ruby/gems/1.8/gems/actionpack-2.2.2/lib/action_controller/base.rb:392:in `process'
    /usr/local/lib/ruby/gems/1.8/gems/actionpack-2.2.2/lib/action_controller/dispatcher.rb:183:in `handle_request'
    /usr/local/lib/ruby/gems/1.8/gems/actionpack-2.2.2/lib/action_controller/dispatcher.rb:110:in `dispatch_unlocked'
    /usr/local/lib/ruby/gems/1.8/gems/actionpack-2.2.2/lib/action_controller/dispatcher.rb:123:in `dispatch'
    /usr/local/lib/ruby/gems/1.8/gems/actionpack-2.2.2/lib/action_controller/dispatcher.rb:122:in `synchronize'
    /usr/local/lib/ruby/gems/1.8/gems/actionpack-2.2.2/lib/action_controller/dispatcher.rb:122:in `dispatch'
    /usr/local/lib/ruby/gems/1.8/gems/actionpack-2.2.2/lib/action_controller/dispatcher.rb:132:in `dispatch_cgi'
    /usr/local/lib/ruby/gems/1.8/gems/actionpack-2.2.2/lib/action_controller/dispatcher.rb:39:in `dispatch'
    /usr/local/lib/ruby/gems/1.8/gems/mongrel-1.1.5/lib/mongrel/rails.rb:76:in `process'
    /usr/local/lib/ruby/gems/1.8/gems/mongrel-1.1.5/lib/mongrel/rails.rb:74:in `synchronize'
    /usr/local/lib/ruby/gems/1.8/gems/mongrel-1.1.5/lib/mongrel/rails.rb:74:in `process'
    /usr/local/lib/ruby/gems/1.8/gems/mongrel-1.1.5/lib/mongrel.rb:159:in `process_client'
    /usr/local/lib/ruby/gems/1.8/gems/mongrel-1.1.5/lib/mongrel.rb:158:in `each'
    /usr/local/lib/ruby/gems/1.8/gems/mongrel-1.1.5/lib/mongrel.rb:158:in `process_client'
    /usr/local/lib/ruby/gems/1.8/gems/mongrel-1.1.5/lib/mongrel.rb:285:in `run'
    /usr/local/lib/ruby/gems/1.8/gems/mongrel-1.1.5/lib/mongrel.rb:285

Rendered /usr/local/lib/ruby/gems/1.8/gems/actionpack-2.2.2/lib/action_controller/templates/rescues/_trace (10.7ms)
Rendered /usr/local/lib/ruby/gems/1.8/gems/actionpack-2.2.2/lib/action_controller/templates/rescues/_request_and_response (0.7ms)
Rendering /usr/local/lib/ruby/gems/1.8/gems/actionpack-2.2.2/lib/action_controller/templates/rescues/layout.erb (internal_server_error)


Processing SleepsController#index (for 127.0.0.1 at 2009-02-23 16:34:20) [GET]
  [4;35;1mUser Load (0.3ms)[0m   [0mSELECT * FROM "users" WHERE ("users"."id" = 12) LIMIT 1[0m
  [4;36;1mSleep Load (1.5ms)[0m   [0;1mSELECT * FROM "sleeps" WHERE (user_id=12) ORDER BY start DESC[0m
  [4;35;1mUser Load (0.3ms)[0m   [0mSELECT * FROM "users" WHERE ("users"."id" = 12) [0m
Rendering template within layouts/application
Rendering sleeps/index
  [4;36;1mCACHE (0.0ms)[0m   [0;1mSELECT * FROM "users" WHERE ("users"."id" = 12) [0m
  [4;35;1mSleep Load (0.4ms)[0m   [0mSELECT * FROM "sleeps" WHERE (user_id=12 AND start<'2009-02-17 00:00:00' AND stop>'2009-02-16 00:00:00') [0m
  [4;36;1mSleep Load (0.3ms)[0m   [0;1mSELECT * FROM "sleeps" WHERE (user_id=12 AND start<'2009-02-18 00:00:00' AND stop>'2009-02-17 00:00:00') [0m
  [4;35;1mSleep Load (0.4ms)[0m   [0mSELECT * FROM "sleeps" WHERE (user_id=12 AND start<'2009-02-19 00:00:00' AND stop>'2009-02-18 00:00:00') [0m
  [4;36;1mSleep Load (0.3ms)[0m   [0;1mSELECT * FROM "sleeps" WHERE (user_id=12 AND start<'2009-02-20 00:00:00' AND stop>'2009-02-19 00:00:00') [0m
  [4;35;1mSleep Load (0.3ms)[0m   [0mSELECT * FROM "sleeps" WHERE (user_id=12 AND start<'2009-02-21 00:00:00' AND stop>'2009-02-20 00:00:00') [0m
  [4;36;1mSleep Load (0.3ms)[0m   [0;1mSELECT * FROM "sleeps" WHERE (user_id=12 AND start<'2009-02-22 00:00:00' AND stop>'2009-02-21 00:00:00') [0m
  [4;35;1mSleep Load (0.4ms)[0m   [0mSELECT * FROM "sleeps" WHERE (user_id=12 AND start<'2009-02-23 00:00:00' AND stop>'2009-02-22 00:00:00') [0m
  [4;36;1mSleep Load (0.4ms)[0m   [0;1mSELECT * FROM "sleeps" WHERE (user_id=12 AND start<'2009-02-24 00:00:00' AND stop>'2009-02-23 00:00:00') [0m
  [4;35;1mCACHE (0.0ms)[0m   [0mSELECT * FROM "users" WHERE ("users"."id" = 12) [0m
  [4;36;1mCACHE (0.0ms)[0m   [0;1mSELECT * FROM "sleeps" WHERE (user_id=12 AND start<'2009-02-24 00:00:00' AND stop>'2009-02-23 00:00:00') [0m
  [4;35;1mCACHE (0.0ms)[0m   [0mSELECT * FROM "users" WHERE ("users"."id" = 12) [0m
  [4;36;1mSleep Load (0.8ms)[0m   [0;1mSELECT * FROM "sleeps" WHERE (user_id=12) ORDER BY start ASC LIMIT 1[0m
  [4;35;1mCACHE (0.0ms)[0m   [0mSELECT * FROM "sleeps" WHERE (user_id=12 AND start<'2009-02-17 00:00:00' AND stop>'2009-02-16 00:00:00') [0m
  [4;36;1mCACHE (0.0ms)[0m   [0;1mSELECT * FROM "sleeps" WHERE (user_id=12 AND start<'2009-02-18 00:00:00' AND stop>'2009-02-17 00:00:00') [0m
  [4;35;1mCACHE (0.0ms)[0m   [0mSELECT * FROM "sleeps" WHERE (user_id=12 AND start<'2009-02-19 00:00:00' AND stop>'2009-02-18 00:00:00') [0m
  [4;36;1mCACHE (0.0ms)[0m   [0;1mSELECT * FROM "sleeps" WHERE (user_id=12 AND start<'2009-02-20 00:00:00' AND stop>'2009-02-19 00:00:00') [0m
  [4;35;1mCACHE (0.0ms)[0m   [0mSELECT * FROM "sleeps" WHERE (user_id=12 AND start<'2009-02-21 00:00:00' AND stop>'2009-02-20 00:00:00') [0m
  [4;36;1mCACHE (0.0ms)[0m   [0;1mSELECT * FROM "sleeps" WHERE (user_id=12 AND start<'2009-02-22 00:00:00' AND stop>'2009-02-21 00:00:00') [0m
  [4;35;1mCACHE (0.0ms)[0m   [0mSELECT * FROM "sleeps" WHERE (user_id=12 AND start<'2009-02-23 00:00:00' AND stop>'2009-02-22 00:00:00') [0m
  [4;36;1mCACHE (0.0ms)[0m   [0;1mSELECT * FROM "sleeps" WHERE (user_id=12 AND start<'2009-02-24 00:00:00' AND stop>'2009-02-23 00:00:00') [0m
  [4;35;1mCACHE (0.0ms)[0m   [0mSELECT * FROM "users" WHERE ("users"."id" = 12) [0m
  [4;36;1mCACHE (0.0ms)[0m   [0;1mSELECT * FROM "users" WHERE ("users"."id" = 12) [0m
  [4;35;1mCACHE (0.0ms)[0m   [0mSELECT * FROM "sleeps" WHERE (user_id=12) ORDER BY start ASC LIMIT 1[0m
  [4;36;1mCACHE (0.0ms)[0m   [0;1mSELECT * FROM "sleeps" WHERE (user_id=12 AND start<'2009-02-17 00:00:00' AND stop>'2009-02-16 00:00:00') [0m
  [4;35;1mCACHE (0.0ms)[0m   [0mSELECT * FROM "sleeps" WHERE (user_id=12 AND start<'2009-02-18 00:00:00' AND stop>'2009-02-17 00:00:00') [0m
  [4;36;1mCACHE (0.0ms)[0m   [0;1mSELECT * FROM "sleeps" WHERE (user_id=12 AND start<'2009-02-19 00:00:00' AND stop>'2009-02-18 00:00:00') [0m
  [4;35;1mCACHE (0.0ms)[0m   [0mSELECT * FROM "sleeps" WHERE (user_id=12 AND start<'2009-02-20 00:00:00' AND stop>'2009-02-19 00:00:00') [0m
  [4;36;1mCACHE (0.0ms)[0m   [0;1mSELECT * FROM "sleeps" WHERE (user_id=12 AND start<'2009-02-21 00:00:00' AND stop>'2009-02-20 00:00:00') [0m
  [4;35;1mCACHE (0.0ms)[0m   [0mSELECT * FROM "sleeps" WHERE (user_id=12 AND start<'2009-02-22 00:00:00' AND stop>'2009-02-21 00:00:00') [0m
  [4;36;1mCACHE (0.0ms)[0m   [0;1mSELECT * FROM "sleeps" WHERE (user_id=12 AND start<'2009-02-23 00:00:00' AND stop>'2009-02-22 00:00:00') [0m
  [4;35;1mCACHE (0.0ms)[0m   [0mSELECT * FROM "sleeps" WHERE (user_id=12 AND start<'2009-02-24 00:00:00' AND stop>'2009-02-23 00:00:00') [0m
Rendered partials/_chart (50.6ms)
  [4;36;1mCACHE (0.0ms)[0m   [0;1mSELECT * FROM "users" WHERE ("users"."id" = 12) [0m
Completed in 82ms (View: 67, DB: 6) | 200 OK [http://localhost/sleeps]


Processing UsersController#edit (for 127.0.0.1 at 2009-02-23 16:34:23) [GET]
  [4;35;1mUser Load (0.3ms)[0m   [0mSELECT * FROM "users" WHERE ("users"."id" = 12) LIMIT 1[0m
  [4;36;1mUser Load (0.3ms)[0m   [0;1mSELECT * FROM "users" WHERE ("users"."id" = 12) [0m


NoMethodError (You have a nil object when you didn't expect it!
You might have expected an instance of ActiveRecord::Base.
The error occurred while evaluating nil.[]):
    /app/controllers/users_controller.rb:80:in `edit'
    /usr/local/lib/ruby/gems/1.8/gems/actionpack-2.2.2/lib/action_controller/base.rb:1253:in `send'
    /usr/local/lib/ruby/gems/1.8/gems/actionpack-2.2.2/lib/action_controller/base.rb:1253:in `perform_action_without_filters'
    /usr/local/lib/ruby/gems/1.8/gems/actionpack-2.2.2/lib/action_controller/filters.rb:617:in `call_filters'
    /usr/local/lib/ruby/gems/1.8/gems/actionpack-2.2.2/lib/action_controller/filters.rb:610:in `perform_action_without_benchmark'
    /usr/local/lib/ruby/gems/1.8/gems/actionpack-2.2.2/lib/action_controller/benchmarking.rb:68:in `perform_action_without_rescue'
    /usr/local/lib/ruby/1.8/benchmark.rb:294:in `measure'
    /usr/local/lib/ruby/gems/1.8/gems/actionpack-2.2.2/lib/action_controller/benchmarking.rb:68:in `perform_action_without_rescue'
    /usr/local/lib/ruby/gems/1.8/gems/actionpack-2.2.2/lib/action_controller/rescue.rb:136:in `perform_action_without_caching'
    /usr/local/lib/ruby/gems/1.8/gems/actionpack-2.2.2/lib/action_controller/caching/sql_cache.rb:13:in `perform_action'
    /usr/local/lib/ruby/gems/1.8/gems/activerecord-2.2.2/lib/active_record/connection_adapters/abstract/query_cache.rb:34:in `cache'
    /usr/local/lib/ruby/gems/1.8/gems/activerecord-2.2.2/lib/active_record/query_cache.rb:8:in `cache'
    /usr/local/lib/ruby/gems/1.8/gems/actionpack-2.2.2/lib/action_controller/caching/sql_cache.rb:12:in `perform_action'
    /usr/local/lib/ruby/gems/1.8/gems/actionpack-2.2.2/lib/action_controller/base.rb:524:in `send'
    /usr/local/lib/ruby/gems/1.8/gems/actionpack-2.2.2/lib/action_controller/base.rb:524:in `process_without_filters'
    /usr/local/lib/ruby/gems/1.8/gems/actionpack-2.2.2/lib/action_controller/filters.rb:606:in `process_without_session_management_support'
    /usr/local/lib/ruby/gems/1.8/gems/actionpack-2.2.2/lib/action_controller/session_management.rb:134:in `process'
    /usr/local/lib/ruby/gems/1.8/gems/actionpack-2.2.2/lib/action_controller/base.rb:392:in `process'
    /usr/local/lib/ruby/gems/1.8/gems/actionpack-2.2.2/lib/action_controller/dispatcher.rb:183:in `handle_request'
    /usr/local/lib/ruby/gems/1.8/gems/actionpack-2.2.2/lib/action_controller/dispatcher.rb:110:in `dispatch_unlocked'
    /usr/local/lib/ruby/gems/1.8/gems/actionpack-2.2.2/lib/action_controller/dispatcher.rb:123:in `dispatch'
    /usr/local/lib/ruby/gems/1.8/gems/actionpack-2.2.2/lib/action_controller/dispatcher.rb:122:in `synchronize'
    /usr/local/lib/ruby/gems/1.8/gems/actionpack-2.2.2/lib/action_controller/dispatcher.rb:122:in `dispatch'
    /usr/local/lib/ruby/gems/1.8/gems/actionpack-2.2.2/lib/action_controller/dispatcher.rb:132:in `dispatch_cgi'
    /usr/local/lib/ruby/gems/1.8/gems/actionpack-2.2.2/lib/action_controller/dispatcher.rb:39:in `dispatch'
    /usr/local/lib/ruby/gems/1.8/gems/mongrel-1.1.5/lib/mongrel/rails.rb:76:in `process'
    /usr/local/lib/ruby/gems/1.8/gems/mongrel-1.1.5/lib/mongrel/rails.rb:74:in `synchronize'
    /usr/local/lib/ruby/gems/1.8/gems/mongrel-1.1.5/lib/mongrel/rails.rb:74:in `process'
    /usr/local/lib/ruby/gems/1.8/gems/mongrel-1.1.5/lib/mongrel.rb:159:in `process_client'
    /usr/local/lib/ruby/gems/1.8/gems/mongrel-1.1.5/lib/mongrel.rb:158:in `each'
    /usr/local/lib/ruby/gems/1.8/gems/mongrel-1.1.5/lib/mongrel.rb:158:in `process_client'
    /usr/local/lib/ruby/gems/1.8/gems/mongrel-1.1.5/lib/mongrel.rb:285:in `run'
    /usr/local/lib/ruby/gems/1.8/gems/mongrel-1.1.5/lib/mongrel.rb:285

Rendered /usr/local/lib/ruby/gems/1.8/gems/actionpack-2.2.2/lib/action_controller/templates/rescues/_trace (11.2ms)
Rendered /usr/local/lib/ruby/gems/1.8/gems/actionpack-2.2.2/lib/action_controller/templates/rescues/_request_and_response (0.9ms)
Rendering /usr/local/lib/ruby/gems/1.8/gems/actionpack-2.2.2/lib/action_controller/templates/rescues/layout.erb (internal_server_error)


Processing UsersController#edit (for 127.0.0.1 at 2009-02-23 16:34:27) [GET]
  [4;35;1mUser Load (0.3ms)[0m   [0mSELECT * FROM "users" WHERE ("users"."id" = 12) LIMIT 1[0m
  [4;36;1mUser Load (0.3ms)[0m   [0;1mSELECT * FROM "users" WHERE ("users"."id" = 12) [0m
Rendering template within layouts/application
Rendering users/edit
  [4;35;1mCACHE (0.0ms)[0m   [0mSELECT * FROM "users" WHERE ("users"."id" = 12) [0m
Completed in 16ms (View: 9, DB: 1) | 200 OK [http://localhost/users/edit]


Processing UsersController#edit (for 127.0.0.1 at 2009-02-23 16:35:07) [GET]
  [4;36;1mUser Load (0.3ms)[0m   [0;1mSELECT * FROM "users" WHERE ("users"."id" = 12) LIMIT 1[0m
  [4;35;1mUser Load (0.3ms)[0m   [0mSELECT * FROM "users" WHERE ("users"."id" = 12) [0m


NoMethodError (You have a nil object when you didn't expect it!
You might have expected an instance of ActiveRecord::Base.
The error occurred while evaluating nil.[]):
    /app/controllers/users_controller.rb:80:in `edit'
    /usr/local/lib/ruby/gems/1.8/gems/actionpack-2.2.2/lib/action_controller/base.rb:1253:in `send'
    /usr/local/lib/ruby/gems/1.8/gems/actionpack-2.2.2/lib/action_controller/base.rb:1253:in `perform_action_without_filters'
    /usr/local/lib/ruby/gems/1.8/gems/actionpack-2.2.2/lib/action_controller/filters.rb:617:in `call_filters'
    /usr/local/lib/ruby/gems/1.8/gems/actionpack-2.2.2/lib/action_controller/filters.rb:610:in `perform_action_without_benchmark'
    /usr/local/lib/ruby/gems/1.8/gems/actionpack-2.2.2/lib/action_controller/benchmarking.rb:68:in `perform_action_without_rescue'
    /usr/local/lib/ruby/1.8/benchmark.rb:294:in `measure'
    /usr/local/lib/ruby/gems/1.8/gems/actionpack-2.2.2/lib/action_controller/benchmarking.rb:68:in `perform_action_without_rescue'
    /usr/local/lib/ruby/gems/1.8/gems/actionpack-2.2.2/lib/action_controller/rescue.rb:136:in `perform_action_without_caching'
    /usr/local/lib/ruby/gems/1.8/gems/actionpack-2.2.2/lib/action_controller/caching/sql_cache.rb:13:in `perform_action'
    /usr/local/lib/ruby/gems/1.8/gems/activerecord-2.2.2/lib/active_record/connection_adapters/abstract/query_cache.rb:34:in `cache'
    /usr/local/lib/ruby/gems/1.8/gems/activerecord-2.2.2/lib/active_record/query_cache.rb:8:in `cache'
    /usr/local/lib/ruby/gems/1.8/gems/actionpack-2.2.2/lib/action_controller/caching/sql_cache.rb:12:in `perform_action'
    /usr/local/lib/ruby/gems/1.8/gems/actionpack-2.2.2/lib/action_controller/base.rb:524:in `send'
    /usr/local/lib/ruby/gems/1.8/gems/actionpack-2.2.2/lib/action_controller/base.rb:524:in `process_without_filters'
    /usr/local/lib/ruby/gems/1.8/gems/actionpack-2.2.2/lib/action_controller/filters.rb:606:in `process_without_session_management_support'
    /usr/local/lib/ruby/gems/1.8/gems/actionpack-2.2.2/lib/action_controller/session_management.rb:134:in `process'
    /usr/local/lib/ruby/gems/1.8/gems/actionpack-2.2.2/lib/action_controller/base.rb:392:in `process'
    /usr/local/lib/ruby/gems/1.8/gems/actionpack-2.2.2/lib/action_controller/dispatcher.rb:183:in `handle_request'
    /usr/local/lib/ruby/gems/1.8/gems/actionpack-2.2.2/lib/action_controller/dispatcher.rb:110:in `dispatch_unlocked'
    /usr/local/lib/ruby/gems/1.8/gems/actionpack-2.2.2/lib/action_controller/dispatcher.rb:123:in `dispatch'
    /usr/local/lib/ruby/gems/1.8/gems/actionpack-2.2.2/lib/action_controller/dispatcher.rb:122:in `synchronize'
    /usr/local/lib/ruby/gems/1.8/gems/actionpack-2.2.2/lib/action_controller/dispatcher.rb:122:in `dispatch'
    /usr/local/lib/ruby/gems/1.8/gems/actionpack-2.2.2/lib/action_controller/dispatcher.rb:132:in `dispatch_cgi'
    /usr/local/lib/ruby/gems/1.8/gems/actionpack-2.2.2/lib/action_controller/dispatcher.rb:39:in `dispatch'
    /usr/local/lib/ruby/gems/1.8/gems/mongrel-1.1.5/lib/mongrel/rails.rb:76:in `process'
    /usr/local/lib/ruby/gems/1.8/gems/mongrel-1.1.5/lib/mongrel/rails.rb:74:in `synchronize'
    /usr/local/lib/ruby/gems/1.8/gems/mongrel-1.1.5/lib/mongrel/rails.rb:74:in `process'
    /usr/local/lib/ruby/gems/1.8/gems/mongrel-1.1.5/lib/mongrel.rb:159:in `process_client'
    /usr/local/lib/ruby/gems/1.8/gems/mongrel-1.1.5/lib/mongrel.rb:158:in `each'
    /usr/local/lib/ruby/gems/1.8/gems/mongrel-1.1.5/lib/mongrel.rb:158:in `process_client'
    /usr/local/lib/ruby/gems/1.8/gems/mongrel-1.1.5/lib/mongrel.rb:285:in `run'
    /usr/local/lib/ruby/gems/1.8/gems/mongrel-1.1.5/lib/mongrel.rb:285

Rendered /usr/local/lib/ruby/gems/1.8/gems/actionpack-2.2.2/lib/action_controller/templates/rescues/_trace (11.0ms)
Rendered /usr/local/lib/ruby/gems/1.8/gems/actionpack-2.2.2/lib/action_controller/templates/rescues/_request_and_response (0.7ms)
Rendering /usr/local/lib/ruby/gems/1.8/gems/actionpack-2.2.2/lib/action_controller/templates/rescues/layout.erb (internal_server_error)


Processing UsersController#edit (for 127.0.0.1 at 2009-02-23 16:35:27) [GET]
  [4;36;1mUser Load (0.3ms)[0m   [0;1mSELECT * FROM "users" WHERE ("users"."id" = 12) LIMIT 1[0m
  [4;35;1mUser Load (0.3ms)[0m   [0mSELECT * FROM "users" WHERE ("users"."id" = 12) [0m
Rendering template within layouts/application
Rendering users/edit
  [4;36;1mCACHE (0.0ms)[0m   [0;1mSELECT * FROM "users" WHERE ("users"."id" = 12) [0m
Completed in 15ms (View: 8, DB: 1) | 200 OK [http://localhost/users/edit]


Processing UsersController#edit (for 127.0.0.1 at 2009-02-23 16:35:31) [POST]
  Parameters: {"commit"=>"Update", "authenticity_token"=>"35b1414725683034178b5686a447f700dc542df8", "user"=>{"realname"=>"Matt Blake", "zip"=>"02143", "target_hours"=>"8", "password"=>"", "public_profile"=>"1", "twitter"=>"@myblakeo", "password_confirm"=>"", "email"=>"myblake@gmail.com"}}
  [4;35;1mUser Load (0.3ms)[0m   [0mSELECT * FROM "users" WHERE ("users"."id" = 12) LIMIT 1[0m
  [4;36;1mUser Load (0.3ms)[0m   [0;1mSELECT * FROM "users" WHERE ("users"."id" = 12) [0m
  [4;35;1mUser Exists (0.2ms)[0m   [0mSELECT "users".id FROM "users" WHERE ("users"."username" = 'myblake' AND "users".id <> 12) LIMIT 1[0m
  [4;36;1mUser Exists (0.1ms)[0m   [0;1mSELECT "users".id FROM "users" WHERE ("users"."email" = 'myblake@gmail.com' AND "users".id <> 12) LIMIT 1[0m
  [4;35;1mUser Update (0.3ms)[0m   [0mUPDATE "users" SET "updated_at" = '2009-02-23 21:35:31', "twitter" = '@myblakeo' WHERE "id" = 12[0m
Redirected to actionindexcontrollerhome
Completed in 15ms (DB: 1) | 302 Found [http://localhost/users/edit]


Processing HomeController#index (for 127.0.0.1 at 2009-02-23 16:35:31) [GET]
Rendering template within layouts/application
Rendering home/index
  [4;36;1mUser Load (0.3ms)[0m   [0;1mSELECT * FROM "users" WHERE ("users"."id" = 12) [0m
Completed in 13ms (View: 12, DB: 0) | 200 OK [http://localhost/home]


Processing UsersController#edit (for 127.0.0.1 at 2009-02-23 16:35:33) [GET]
  [4;35;1mUser Load (0.3ms)[0m   [0mSELECT * FROM "users" WHERE ("users"."id" = 12) LIMIT 1[0m
  [4;36;1mUser Load (0.3ms)[0m   [0;1mSELECT * FROM "users" WHERE ("users"."id" = 12) [0m
Rendering template within layouts/application
Rendering users/edit
  [4;35;1mCACHE (0.0ms)[0m   [0mSELECT * FROM "users" WHERE ("users"."id" = 12) [0m
Completed in 15ms (View: 9, DB: 1) | 200 OK [http://localhost/users/edit]


Processing UsersController#edit (for 127.0.0.1 at 2009-02-23 16:36:32) [POST]
  Parameters: {"commit"=>"Update", "authenticity_token"=>"35b1414725683034178b5686a447f700dc542df8", "user"=>{"realname"=>"Matt Blake", "zip"=>"02143", "target_hours"=>"8", "password"=>"", "public_profile"=>"1", "twitter"=>"@myblakeo", "password_confirm"=>"", "email"=>"myblake@gmail.com"}}
  [4;36;1mUser Load (0.3ms)[0m   [0;1mSELECT * FROM "users" WHERE ("users"."id" = 12) LIMIT 1[0m
  [4;35;1mUser Load (0.3ms)[0m   [0mSELECT * FROM "users" WHERE ("users"."id" = 12) [0m
  [4;36;1mUser Exists (0.3ms)[0m   [0;1mSELECT "users".id FROM "users" WHERE ("users"."username" = 'myblake' AND "users".id <> 12) LIMIT 1[0m
  [4;35;1mUser Exists (0.1ms)[0m   [0mSELECT "users".id FROM "users" WHERE ("users"."email" = 'myblake@gmail.com' AND "users".id <> 12) LIMIT 1[0m
Redirected to actionindexcontrollerhome
Completed in 12ms (DB: 1) | 302 Found [http://localhost/users/edit]


Processing HomeController#index (for 127.0.0.1 at 2009-02-23 16:36:32) [GET]
Rendering template within layouts/application
Rendering home/index
  [4;36;1mUser Load (0.3ms)[0m   [0;1mSELECT * FROM "users" WHERE ("users"."id" = 12) [0m
Completed in 15ms (View: 14, DB: 0) | 200 OK [http://localhost/home]


Processing UsersController#edit (for 127.0.0.1 at 2009-02-23 16:36:34) [GET]
  [4;35;1mUser Load (0.3ms)[0m   [0mSELECT * FROM "users" WHERE ("users"."id" = 12) LIMIT 1[0m
  [4;36;1mUser Load (0.3ms)[0m   [0;1mSELECT * FROM "users" WHERE ("users"."id" = 12) [0m
Rendering template within layouts/application
Rendering users/edit
  [4;35;1mCACHE (0.0ms)[0m   [0mSELECT * FROM "users" WHERE ("users"."id" = 12) [0m
Completed in 15ms (View: 8, DB: 1) | 200 OK [http://localhost/users/edit]


Processing UsersController#edit (for 127.0.0.1 at 2009-02-23 16:36:37) [POST]
  Parameters: {"commit"=>"Update", "authenticity_token"=>"35b1414725683034178b5686a447f700dc542df8", "user"=>{"realname"=>"Matt Blake", "zip"=>"02143", "target_hours"=>"8", "password"=>"", "public_profile"=>"1", "twitter"=>"@@myblakeo", "password_confirm"=>"", "email"=>"myblake@gmail.com"}}
  [4;36;1mUser Load (0.3ms)[0m   [0;1mSELECT * FROM "users" WHERE ("users"."id" = 12) LIMIT 1[0m
  [4;35;1mUser Load (0.3ms)[0m   [0mSELECT * FROM "users" WHERE ("users"."id" = 12) [0m
  [4;36;1mUser Exists (0.3ms)[0m   [0;1mSELECT "users".id FROM "users" WHERE ("users"."username" = 'myblake' AND "users".id <> 12) LIMIT 1[0m
  [4;35;1mUser Exists (0.1ms)[0m   [0mSELECT "users".id FROM "users" WHERE ("users"."email" = 'myblake@gmail.com' AND "users".id <> 12) LIMIT 1[0m
  [4;36;1mUser Update (0.3ms)[0m   [0;1mUPDATE "users" SET "updated_at" = '2009-02-23 21:36:37', "twitter" = '@@myblakeo' WHERE "id" = 12[0m
Redirected to actionindexcontrollerhome
Completed in 15ms (DB: 1) | 302 Found [http://localhost/users/edit]


Processing HomeController#index (for 127.0.0.1 at 2009-02-23 16:36:37) [GET]
Rendering template within layouts/application
Rendering home/index
  [4;35;1mUser Load (0.3ms)[0m   [0mSELECT * FROM "users" WHERE ("users"."id" = 12) [0m
Completed in 16ms (View: 15, DB: 0) | 200 OK [http://localhost/home]


Processing UsersController#edit (for 127.0.0.1 at 2009-02-23 16:36:41) [GET]
  [4;36;1mUser Load (0.3ms)[0m   [0;1mSELECT * FROM "users" WHERE ("users"."id" = 12) LIMIT 1[0m
  [4;35;1mUser Load (0.3ms)[0m   [0mSELECT * FROM "users" WHERE ("users"."id" = 12) [0m
Rendering template within layouts/application
Rendering users/edit
  [4;36;1mCACHE (0.0ms)[0m   [0;1mSELECT * FROM "users" WHERE ("users"."id" = 12) [0m
Completed in 15ms (View: 8, DB: 1) | 200 OK [http://localhost/users/edit]


Processing UsersController#edit (for 127.0.0.1 at 2009-02-23 16:36:42) [GET]
  [4;35;1mUser Load (0.3ms)[0m   [0mSELECT * FROM "users" WHERE ("users"."id" = 12) LIMIT 1[0m
  [4;36;1mUser Load (0.3ms)[0m   [0;1mSELECT * FROM "users" WHERE ("users"."id" = 12) [0m
Rendering template within layouts/application
Rendering users/edit
  [4;35;1mCACHE (0.0ms)[0m   [0mSELECT * FROM "users" WHERE ("users"."id" = 12) [0m
Completed in 16ms (View: 9, DB: 1) | 200 OK [http://localhost/users/edit]


Processing UsersController#edit (for 127.0.0.1 at 2009-02-23 16:36:43) [GET]
  [4;36;1mUser Load (0.3ms)[0m   [0;1mSELECT * FROM "users" WHERE ("users"."id" = 12) LIMIT 1[0m
  [4;35;1mUser Load (0.4ms)[0m   [0mSELECT * FROM "users" WHERE ("users"."id" = 12) [0m
Rendering template within layouts/application
Rendering users/edit
  [4;36;1mCACHE (0.0ms)[0m   [0;1mSELECT * FROM "users" WHERE ("users"."id" = 12) [0m
Completed in 16ms (View: 9, DB: 1) | 200 OK [http://localhost/users/edit]


Processing UsersController#edit (for 127.0.0.1 at 2009-02-23 16:36:56) [POST]
  Parameters: {"commit"=>"Update", "authenticity_token"=>"35b1414725683034178b5686a447f700dc542df8", "user"=>{"realname"=>"Matt Blake", "zip"=>"02143", "target_hours"=>"8", "password"=>"", "public_profile"=>"1", "twitter"=>"@@myblakeo", "password_confirm"=>"", "email"=>"myblake@gmail.com"}}
  [4;35;1mUser Load (0.3ms)[0m   [0mSELECT * FROM "users" WHERE ("users"."id" = 12) LIMIT 1[0m
  [4;36;1mUser Load (0.3ms)[0m   [0;1mSELECT * FROM "users" WHERE ("users"."id" = 12) [0m
  [4;35;1mUser Exists (0.3ms)[0m   [0mSELECT "users".id FROM "users" WHERE ("users"."username" = 'myblake' AND "users".id <> 12) LIMIT 1[0m
  [4;36;1mUser Exists (0.1ms)[0m   [0;1mSELECT "users".id FROM "users" WHERE ("users"."email" = 'myblake@gmail.com' AND "users".id <> 12) LIMIT 1[0m
Redirected to actionindexcontrollerhome
Completed in 11ms (DB: 1) | 302 Found [http://localhost/users/edit]


Processing HomeController#index (for 127.0.0.1 at 2009-02-23 16:36:57) [GET]
Rendering template within layouts/application
Rendering home/index
  [4;35;1mUser Load (0.3ms)[0m   [0mSELECT * FROM "users" WHERE ("users"."id" = 12) [0m
Completed in 14ms (View: 13, DB: 0) | 200 OK [http://localhost/home]


Processing UsersController#edit (for 127.0.0.1 at 2009-02-23 16:36:58) [GET]
  [4;36;1mUser Load (0.3ms)[0m   [0;1mSELECT * FROM "users" WHERE ("users"."id" = 12) LIMIT 1[0m
  [4;35;1mUser Load (0.3ms)[0m   [0mSELECT * FROM "users" WHERE ("users"."id" = 12) [0m
Rendering template within layouts/application
Rendering users/edit
  [4;36;1mCACHE (0.0ms)[0m   [0;1mSELECT * FROM "users" WHERE ("users"."id" = 12) [0m
Completed in 16ms (View: 8, DB: 1) | 200 OK [http://localhost/users/edit]


Processing UsersController#edit (for 127.0.0.1 at 2009-02-23 16:37:50) [POST]
  Parameters: {"commit"=>"Update", "authenticity_token"=>"35b1414725683034178b5686a447f700dc542df8", "user"=>{"realname"=>"Matt Blake", "zip"=>"02143", "target_hours"=>"8", "password"=>"", "public_profile"=>"1", "twitter"=>"@@myblakeo", "password_confirm"=>"", "email"=>"myblake@gmail.com"}}
  [4;35;1mUser Load (0.3ms)[0m   [0mSELECT * FROM "users" WHERE ("users"."id" = 12) LIMIT 1[0m
  [4;36;1mUser Load (0.3ms)[0m   [0;1mSELECT * FROM "users" WHERE ("users"."id" = 12) [0m
  [4;35;1mUser Exists (0.3ms)[0m   [0mSELECT "users".id FROM "users" WHERE ("users"."username" = 'myblake' AND "users".id <> 12) LIMIT 1[0m
  [4;36;1mUser Exists (0.1ms)[0m   [0;1mSELECT "users".id FROM "users" WHERE ("users"."email" = 'myblake@gmail.com' AND "users".id <> 12) LIMIT 1[0m
Redirected to actionindexcontrollerhome
Completed in 10ms (DB: 1) | 302 Found [http://localhost/users/edit]


Processing HomeController#index (for 127.0.0.1 at 2009-02-23 16:37:50) [GET]
Rendering template within layouts/application
Rendering home/index
  [4;35;1mUser Load (0.3ms)[0m   [0mSELECT * FROM "users" WHERE ("users"."id" = 12) [0m
Completed in 13ms (View: 12, DB: 0) | 200 OK [http://localhost/home]


Processing UsersController#edit (for 127.0.0.1 at 2009-02-23 16:37:55) [GET]
  [4;36;1mUser Load (0.3ms)[0m   [0;1mSELECT * FROM "users" WHERE ("users"."id" = 12) LIMIT 1[0m
  [4;35;1mUser Load (0.3ms)[0m   [0mSELECT * FROM "users" WHERE ("users"."id" = 12) [0m
Rendering template within layouts/application
Rendering users/edit
  [4;36;1mCACHE (0.0ms)[0m   [0;1mSELECT * FROM "users" WHERE ("users"."id" = 12) [0m
Completed in 15ms (View: 8, DB: 1) | 200 OK [http://localhost/users/edit]


Processing UsersController#edit (for 127.0.0.1 at 2009-02-23 16:38:14) [GET]
  [4;35;1mUser Load (0.3ms)[0m   [0mSELECT * FROM "users" WHERE ("users"."id" = 12) LIMIT 1[0m
  [4;36;1mUser Load (0.3ms)[0m   [0;1mSELECT * FROM "users" WHERE ("users"."id" = 12) [0m
Rendering template within layouts/application
Rendering users/edit
  [4;35;1mCACHE (0.0ms)[0m   [0mSELECT * FROM "users" WHERE ("users"."id" = 12) [0m
Completed in 16ms (View: 9, DB: 1) | 200 OK [http://localhost/users/edit]


Processing UsersController#edit (for 127.0.0.1 at 2009-02-23 16:38:15) [POST]
  Parameters: {"commit"=>"Update", "authenticity_token"=>"35b1414725683034178b5686a447f700dc542df8", "user"=>{"realname"=>"Matt Blake", "zip"=>"02143", "target_hours"=>"8", "password"=>"", "public_profile"=>"1", "twitter"=>"@@myblakeo", "password_confirm"=>"", "email"=>"myblake@gmail.com"}}
  [4;36;1mUser Load (0.4ms)[0m   [0;1mSELECT * FROM "users" WHERE ("users"."id" = 12) LIMIT 1[0m
  [4;35;1mUser Load (0.3ms)[0m   [0mSELECT * FROM "users" WHERE ("users"."id" = 12) [0m
  [4;36;1mUser Exists (0.4ms)[0m   [0;1mSELECT "users".id FROM "users" WHERE ("users"."username" = 'myblake' AND "users".id <> 12) LIMIT 1[0m
  [4;35;1mUser Exists (0.1ms)[0m   [0mSELECT "users".id FROM "users" WHERE ("users"."email" = 'myblake@gmail.com' AND "users".id <> 12) LIMIT 1[0m
Redirected to actionindexcontrollerhome
Completed in 11ms (DB: 1) | 302 Found [http://localhost/users/edit]


Processing HomeController#index (for 127.0.0.1 at 2009-02-23 16:38:15) [GET]
Rendering template within layouts/application
Rendering home/index
  [4;36;1mUser Load (0.3ms)[0m   [0;1mSELECT * FROM "users" WHERE ("users"."id" = 12) [0m
Completed in 16ms (View: 14, DB: 0) | 200 OK [http://localhost/home]


Processing UsersController#edit (for 127.0.0.1 at 2009-02-23 16:38:40) [POST]
  Parameters: {"commit"=>"Update", "authenticity_token"=>"35b1414725683034178b5686a447f700dc542df8", "user"=>{"realname"=>"Matt Blake", "zip"=>"02143", "target_hours"=>"8", "password"=>"", "public_profile"=>"1", "twitter"=>"@@myblakeo", "password_confirm"=>"", "email"=>"myblake@gmail.com"}}
  [4;35;1mUser Load (0.3ms)[0m   [0mSELECT * FROM "users" WHERE ("users"."id" = 12) LIMIT 1[0m
  [4;36;1mUser Load (0.3ms)[0m   [0;1mSELECT * FROM "users" WHERE ("users"."id" = 12) [0m
  [4;35;1mUser Exists (0.3ms)[0m   [0mSELECT "users".id FROM "users" WHERE ("users"."username" = 'myblake' AND "users".id <> 12) LIMIT 1[0m
  [4;36;1mUser Exists (0.1ms)[0m   [0;1mSELECT "users".id FROM "users" WHERE ("users"."email" = 'myblake@gmail.com' AND "users".id <> 12) LIMIT 1[0m
Redirected to actionindexcontrollerhome
Completed in 11ms (DB: 1) | 302 Found [http://localhost/users/edit]


Processing HomeController#index (for 127.0.0.1 at 2009-02-23 16:38:40) [GET]
Rendering template within layouts/application
Rendering home/index
  [4;35;1mUser Load (0.4ms)[0m   [0mSELECT * FROM "users" WHERE ("users"."id" = 12) [0m
Completed in 17ms (View: 16, DB: 0) | 200 OK [http://localhost/home]


Processing UsersController#edit (for 127.0.0.1 at 2009-02-23 16:39:19) [GET]
  [4;36;1mUser Load (0.3ms)[0m   [0;1mSELECT * FROM "users" WHERE ("users"."id" = 12) LIMIT 1[0m
  [4;35;1mUser Load (0.3ms)[0m   [0mSELECT * FROM "users" WHERE ("users"."id" = 12) [0m
Rendering template within layouts/application
Rendering users/edit
  [4;36;1mCACHE (0.0ms)[0m   [0;1mSELECT * FROM "users" WHERE ("users"."id" = 12) [0m
Completed in 15ms (View: 9, DB: 1) | 200 OK [http://localhost/users/edit]


Processing UsersController#edit (for 127.0.0.1 at 2009-02-23 16:39:20) [POST]
  Parameters: {"commit"=>"Update", "authenticity_token"=>"35b1414725683034178b5686a447f700dc542df8", "user"=>{"realname"=>"Matt Blake", "zip"=>"02143", "target_hours"=>"8", "password"=>"", "public_profile"=>"1", "twitter"=>"@@myblakeo", "password_confirm"=>"", "email"=>"myblake@gmail.com"}}
  [4;35;1mUser Load (0.3ms)[0m   [0mSELECT * FROM "users" WHERE ("users"."id" = 12) LIMIT 1[0m
  [4;36;1mUser Load (0.3ms)[0m   [0;1mSELECT * FROM "users" WHERE ("users"."id" = 12) [0m
  [4;35;1mUser Exists (0.3ms)[0m   [0mSELECT "users".id FROM "users" WHERE ("users"."username" = 'myblake' AND "users".id <> 12) LIMIT 1[0m
  [4;36;1mUser Exists (0.1ms)[0m   [0;1mSELECT "users".id FROM "users" WHERE ("users"."email" = 'myblake@gmail.com' AND "users".id <> 12) LIMIT 1[0m
  [4;35;1mUser Update (0.3ms)[0m   [0mUPDATE "users" SET "updated_at" = '2009-02-23 21:39:20', "twitter" = 'myblakeo' WHERE "id" = 12[0m
Redirected to actionindexcontrollerhome
Completed in 15ms (DB: 1) | 302 Found [http://localhost/users/edit]


Processing HomeController#index (for 127.0.0.1 at 2009-02-23 16:39:20) [GET]
Rendering template within layouts/application
Rendering home/index
  [4;36;1mUser Load (0.3ms)[0m   [0;1mSELECT * FROM "users" WHERE ("users"."id" = 12) [0m
Completed in 15ms (View: 13, DB: 0) | 200 OK [http://localhost/home]


Processing UsersController#edit (for 127.0.0.1 at 2009-02-23 16:39:22) [GET]
  [4;35;1mUser Load (0.3ms)[0m   [0mSELECT * FROM "users" WHERE ("users"."id" = 12) LIMIT 1[0m
  [4;36;1mUser Load (0.3ms)[0m   [0;1mSELECT * FROM "users" WHERE ("users"."id" = 12) [0m
Rendering template within layouts/application
Rendering users/edit
  [4;35;1mCACHE (0.0ms)[0m   [0mSELECT * FROM "users" WHERE ("users"."id" = 12) [0m
Completed in 15ms (View: 9, DB: 1) | 200 OK [http://localhost/users/edit]


Processing UsersController#edit (for 127.0.0.1 at 2009-02-23 16:39:24) [POST]
  Parameters: {"commit"=>"Update", "authenticity_token"=>"35b1414725683034178b5686a447f700dc542df8", "user"=>{"realname"=>"Matt Blake", "zip"=>"02143", "target_hours"=>"8", "password"=>"", "public_profile"=>"1", "twitter"=>"myblakeo", "password_confirm"=>"", "email"=>"myblake@gmail.com"}}
  [4;36;1mUser Load (0.3ms)[0m   [0;1mSELECT * FROM "users" WHERE ("users"."id" = 12) LIMIT 1[0m
  [4;35;1mUser Load (0.3ms)[0m   [0mSELECT * FROM "users" WHERE ("users"."id" = 12) [0m
  [4;36;1mUser Exists (0.3ms)[0m   [0;1mSELECT "users".id FROM "users" WHERE ("users"."username" = 'myblake' AND "users".id <> 12) LIMIT 1[0m
  [4;35;1mUser Exists (0.1ms)[0m   [0mSELECT "users".id FROM "users" WHERE ("users"."email" = 'myblake@gmail.com' AND "users".id <> 12) LIMIT 1[0m
Redirected to actionindexcontrollerhome
Completed in 11ms (DB: 1) | 302 Found [http://localhost/users/edit]


Processing HomeController#index (for 127.0.0.1 at 2009-02-23 16:39:24) [GET]
Rendering template within layouts/application
Rendering home/index
  [4;36;1mUser Load (0.3ms)[0m   [0;1mSELECT * FROM "users" WHERE ("users"."id" = 12) [0m
Completed in 15ms (View: 14, DB: 0) | 200 OK [http://localhost/home]


Processing UsersController#edit (for 127.0.0.1 at 2009-02-23 16:39:43) [GET]
  [4;35;1mUser Load (0.3ms)[0m   [0mSELECT * FROM "users" WHERE ("users"."id" = 12) LIMIT 1[0m
  [4;36;1mUser Load (0.3ms)[0m   [0;1mSELECT * FROM "users" WHERE ("users"."id" = 12) [0m
Rendering template within layouts/application
Rendering users/edit
  [4;35;1mCACHE (0.0ms)[0m   [0mSELECT * FROM "users" WHERE ("users"."id" = 12) [0m
Completed in 18ms (View: 11, DB: 1) | 200 OK [http://localhost/users/edit]


Processing UsersController#edit (for 127.0.0.1 at 2009-02-23 16:39:45) [POST]
  Parameters: {"commit"=>"Update", "authenticity_token"=>"35b1414725683034178b5686a447f700dc542df8", "user"=>{"realname"=>"Matt Blake", "zip"=>"02143", "target_hours"=>"8", "password"=>"", "public_profile"=>"1", "twitter"=>"@myblakeo", "password_confirm"=>"", "email"=>"myblake@gmail.com"}}
  [4;36;1mUser Load (0.3ms)[0m   [0;1mSELECT * FROM "users" WHERE ("users"."id" = 12) LIMIT 1[0m
  [4;35;1mUser Load (0.3ms)[0m   [0mSELECT * FROM "users" WHERE ("users"."id" = 12) [0m
  [4;36;1mUser Exists (0.3ms)[0m   [0;1mSELECT "users".id FROM "users" WHERE ("users"."username" = 'myblake' AND "users".id <> 12) LIMIT 1[0m
  [4;35;1mUser Exists (0.1ms)[0m   [0mSELECT "users".id FROM "users" WHERE ("users"."email" = 'myblake@gmail.com' AND "users".id <> 12) LIMIT 1[0m
Redirected to actionindexcontrollerhome
Completed in 11ms (DB: 1) | 302 Found [http://localhost/users/edit]


Processing HomeController#index (for 127.0.0.1 at 2009-02-23 16:39:45) [GET]
Rendering template within layouts/application
Rendering home/index
  [4;36;1mUser Load (0.3ms)[0m   [0;1mSELECT * FROM "users" WHERE ("users"."id" = 12) [0m
Completed in 13ms (View: 12, DB: 0) | 200 OK [http://localhost/home]


Processing UsersController#edit (for 127.0.0.1 at 2009-02-23 16:39:46) [GET]
  [4;35;1mUser Load (0.3ms)[0m   [0mSELECT * FROM "users" WHERE ("users"."id" = 12) LIMIT 1[0m
  [4;36;1mUser Load (0.3ms)[0m   [0;1mSELECT * FROM "users" WHERE ("users"."id" = 12) [0m
Rendering template within layouts/application
Rendering users/edit
  [4;35;1mCACHE (0.0ms)[0m   [0mSELECT * FROM "users" WHERE ("users"."id" = 12) [0m
Completed in 17ms (View: 10, DB: 1) | 200 OK [http://localhost/users/edit]


Processing UsersController#logout (for 127.0.0.1 at 2009-02-23 16:39:58) [GET]
  [4;36;1mUser Load (0.3ms)[0m   [0;1mSELECT * FROM "users" WHERE ("users"."id" = 12) LIMIT 1[0m
Redirected to actionindexcontrollerhome
Completed in 7ms (DB: 0) | 302 Found [http://localhost/users/logout]


Processing HomeController#index (for 127.0.0.1 at 2009-02-23 16:39:58) [GET]
Rendering template within layouts/application
Rendering home/index
Completed in 7ms (View: 5, DB: 0) | 200 OK [http://localhost/home]


Processing UsersController#login (for 127.0.0.1 at 2009-02-23 16:39:59) [GET]
Rendering template within layouts/application
Rendering users/login
Completed in 8ms (View: 5, DB: 0) | 200 OK [http://localhost/users/login]


Processing UsersController#signup (for 127.0.0.1 at 2009-02-23 16:40:01) [GET]
Rendering template within layouts/application
Rendering users/signup
Completed in 9ms (View: 7, DB: 0) | 200 OK [http://localhost/users/signup]


Processing UsersController#signup_backend (for 127.0.0.1 at 2009-02-23 16:40:14) [POST]
  Parameters: {"commit"=>"Sign up", "authenticity_token"=>"35b1414725683034178b5686a447f700dc542df8", "user"=>{"realname"=>"baz", "zip"=>"12345", "target_hours"=>"8", "username"=>"foo", "password"=>"bar", "public_profile"=>"1", "twitter"=>"@@myblakeo", "email"=>"foo@bar.com", "password_confirm"=>"bar"}}
  [4;35;1mUser Exists (0.3ms)[0m   [0mSELECT "users".id FROM "users" WHERE ("users"."username" = 'foo') LIMIT 1[0m
  [4;36;1mUser Exists (0.1ms)[0m   [0;1mSELECT "users".id FROM "users" WHERE ("users"."email" = 'foo@bar.com') LIMIT 1[0m
  [4;35;1mUser Create (0.6ms)[0m   [0mINSERT INTO "users" ("realname", "created_at", "zip", "updated_at", "target_hours", "username", "admin", "password", "email", "public_profile", "twitter") VALUES('baz', '2009-02-23 21:40:14', '12345', '2009-02-23 21:40:14', 8.0, 'foo', NULL, '62cdb7020ff920e5aa642c3d4066950dd1f01f4d', 'foo@bar.com', 't', 'myblakeo')[0m
Redirected to actionlogin_backenduserusernamefoopasswordbar
Completed in 21ms (DB: 1) | 302 Found [http://localhost/users/signup_backend]


Processing UsersController#login_backend (for 127.0.0.1 at 2009-02-23 16:40:14) [GET]
  Parameters: {"user"=>{"username"=>"foo", "password"=>"bar"}}
  [4;36;1mUser Load (0.8ms)[0m   [0;1mSELECT * FROM "users" WHERE (username='foo' and password='62cdb7020ff920e5aa642c3d4066950dd1f01f4d') LIMIT 1[0m
Redirected to actionindexcontrollersleeps
Completed in 8ms (DB: 1) | 302 Found [http://localhost/users/login_backend?user%5Bpassword%5D=bar&user%5Busername%5D=foo]


Processing SleepsController#index (for 127.0.0.1 at 2009-02-23 16:40:14) [GET]
  [4;35;1mUser Load (0.3ms)[0m   [0mSELECT * FROM "users" WHERE ("users"."id" = 75) LIMIT 1[0m
  [4;36;1mSleep Load (0.8ms)[0m   [0;1mSELECT * FROM "sleeps" WHERE (user_id=75) ORDER BY start DESC[0m
  [4;35;1mUser Load (0.3ms)[0m   [0mSELECT * FROM "users" WHERE ("users"."id" = 75) [0m
Rendering template within layouts/application
Rendering sleeps/index
  [4;36;1mCACHE (0.0ms)[0m   [0;1mSELECT * FROM "users" WHERE ("users"."id" = 75) [0m
  [4;35;1mSleep Load (0.2ms)[0m   [0mSELECT * FROM "sleeps" WHERE (user_id=75 AND start<'2009-02-17 00:00:00' AND stop>'2009-02-16 00:00:00') [0m
  [4;36;1mSleep Load (0.2ms)[0m   [0;1mSELECT * FROM "sleeps" WHERE (user_id=75 AND start<'2009-02-18 00:00:00' AND stop>'2009-02-17 00:00:00') [0m
  [4;35;1mSleep Load (0.2ms)[0m   [0mSELECT * FROM "sleeps" WHERE (user_id=75 AND start<'2009-02-19 00:00:00' AND stop>'2009-02-18 00:00:00') [0m
  [4;36;1mSleep Load (0.2ms)[0m   [0;1mSELECT * FROM "sleeps" WHERE (user_id=75 AND start<'2009-02-20 00:00:00' AND stop>'2009-02-19 00:00:00') [0m
  [4;35;1mSleep Load (0.2ms)[0m   [0mSELECT * FROM "sleeps" WHERE (user_id=75 AND start<'2009-02-21 00:00:00' AND stop>'2009-02-20 00:00:00') [0m
  [4;36;1mSleep Load (0.3ms)[0m   [0;1mSELECT * FROM "sleeps" WHERE (user_id=75 AND start<'2009-02-22 00:00:00' AND stop>'2009-02-21 00:00:00') [0m
  [4;35;1mSleep Load (0.2ms)[0m   [0mSELECT * FROM "sleeps" WHERE (user_id=75 AND start<'2009-02-23 00:00:00' AND stop>'2009-02-22 00:00:00') [0m
  [4;36;1mSleep Load (0.2ms)[0m   [0;1mSELECT * FROM "sleeps" WHERE (user_id=75 AND start<'2009-02-24 00:00:00' AND stop>'2009-02-23 00:00:00') [0m
  [4;35;1mCACHE (0.0ms)[0m   [0mSELECT * FROM "users" WHERE ("users"."id" = 75) [0m
  [4;36;1mCACHE (0.0ms)[0m   [0;1mSELECT * FROM "sleeps" WHERE (user_id=75 AND start<'2009-02-24 00:00:00' AND stop>'2009-02-23 00:00:00') [0m
  [4;35;1mCACHE (0.0ms)[0m   [0mSELECT * FROM "users" WHERE ("users"."id" = 75) [0m
  [4;36;1mSleep Load (1.9ms)[0m   [0;1mSELECT * FROM "sleeps" WHERE (user_id=75) ORDER BY start ASC LIMIT 1[0m
  [4;35;1mCACHE (0.0ms)[0m   [0mSELECT * FROM "users" WHERE ("users"."id" = 75) [0m
  [4;36;1mCACHE (0.0ms)[0m   [0;1mSELECT * FROM "users" WHERE ("users"."id" = 75) [0m
  [4;35;1mCACHE (0.0ms)[0m   [0mSELECT * FROM "sleeps" WHERE (user_id=75) ORDER BY start ASC LIMIT 1[0m
Rendered partials/_chart (19.5ms)
  [4;36;1mCACHE (0.0ms)[0m   [0;1mSELECT * FROM "users" WHERE ("users"."id" = 75) [0m
Completed in 39ms (View: 25, DB: 5) | 200 OK [http://localhost/sleeps]


Processing UsersController#edit (for 127.0.0.1 at 2009-02-23 16:40:16) [GET]
  [4;35;1mUser Load (0.4ms)[0m   [0mSELECT * FROM "users" WHERE ("users"."id" = 75) LIMIT 1[0m
  [4;36;1mUser Load (0.3ms)[0m   [0;1mSELECT * FROM "users" WHERE ("users"."id" = 75) [0m
Rendering template within layouts/application
Rendering users/edit
  [4;35;1mCACHE (0.0ms)[0m   [0mSELECT * FROM "users" WHERE ("users"."id" = 75) [0m
Completed in 17ms (View: 9, DB: 1) | 200 OK [http://localhost/users/edit]


Processing UsersController#logout (for 127.0.0.1 at 2009-02-23 16:40:19) [GET]
  [4;36;1mUser Load (0.3ms)[0m   [0;1mSELECT * FROM "users" WHERE ("users"."id" = 75) LIMIT 1[0m
Redirected to actionindexcontrollerhome
Completed in 7ms (DB: 0) | 302 Found [http://localhost/users/logout]


Processing HomeController#index (for 127.0.0.1 at 2009-02-23 16:40:19) [GET]
Rendering template within layouts/application
Rendering home/index
Completed in 6ms (View: 5, DB: 0) | 200 OK [http://localhost/home]


Processing UsersController#login (for 127.0.0.1 at 2009-02-23 16:40:21) [GET]
Rendering template within layouts/application
Rendering users/login
Completed in 7ms (View: 5, DB: 0) | 200 OK [http://localhost/users/login]
